#
# A fatal error has been detected by the Java Runtime Environment:
#
#  SIGSEGV (0xb) at pc=0x00007f152d8a7e0e, pid=52343, tid=52364
#
# JRE version: OpenJDK Runtime Environment Temurin-17.0.7+7 (17.0.7+7) (build 17.0.7+7)
# Java VM: OpenJDK 64-Bit Server VM Temurin-17.0.7+7 (17.0.7+7, mixed mode, sharing, tiered, compressed oops, compressed class ptrs, g1 gc, linux-amd64)
# Problematic frame:
# V  [libjvm.so+0xae5e0e]  MachNode::in_RegMask(unsigned int) const+0x7e
#
# Core dump will be written. Default location: Core dumps may be processed with "/usr/share/apport/apport -p%p -s%s -c%c -d%d -P%P -u%u -g%g -- %E" (or dumping to /home/tringapps/SPORTSHUB/sportsHub/core.52343)
#
# If you would like to submit a bug report, please visit:
#   https://github.com/adoptium/adoptium-support/issues
#

---------------  S U M M A R Y ------------

Command Line: -Djava.awt.headless=true -Dscanner.home=/home/tringapps/.sonar/native-sonar-scanner/sonar-scanner-5.0.1.3006-linux -Dproject.home=/home/tringapps/SPORTSHUB/sportsHub org.sonarsource.scanner.cli.Main --from=ScannerNpm/3.1.0 -Dsonar.host.url=http://quality.tringbytes.com -Dsonar.login=ec06c228386c9190f0c7b2dd4dfe8cf04ce7cab9

Host: Intel(R) Core(TM) i5-6200U CPU @ 2.30GHz, 4 cores, 15G, Ubuntu 20.04.5 LTS
Time: Tue Sep 12 17:39:25 2023 IST elapsed time: 29.392558 seconds (0d 0h 0m 29s)

---------------  T H R E A D  ---------------

Current thread (0x00007f1528181df0):  JavaThread "C2 CompilerThread0" daemon [_thread_in_native, id=52364, stack(0x00007f14e798f000,0x00007f14e7a90000)]


Current CompileTask:
C2:  29395 6109 %     4       sun.security.provider.SHA::implCompress0 @ 379 (506 bytes)

Stack: [0x00007f14e798f000,0x00007f14e7a90000],  sp=0x00007f14e7a8b470,  free space=1009k
Native frames: (J=compiled Java code, j=interpreted, Vv=VM code, C=native code)
V  [libjvm.so+0xae5e0e]  MachNode::in_RegMask(unsigned int) const+0x7e
V  [libjvm.so+0x53cfdf]  PhaseChaitin::gather_lrg_masks(bool)+0x1df
V  [libjvm.so+0x78881b]  PhaseCFG::global_code_motion()+0x96b
V  [libjvm.so+0x78994a]  PhaseCFG::do_global_code_motion()+0x4a
V  [libjvm.so+0x5cf9da]  Compile::Code_Gen()+0x29a
V  [libjvm.so+0x5d570b]  Compile::Compile(ciEnv*, ciMethod*, int, bool, bool, bool, bool, bool, DirectiveSet*)+0x148b
V  [libjvm.so+0x514d19]  C2Compiler::compile_method(ciEnv*, ciMethod*, int, bool, DirectiveSet*)+0xe9
V  [libjvm.so+0x5de072]  CompileBroker::invoke_compiler_on_method(CompileTask*)+0xef2
V  [libjvm.so+0x5ded18]  CompileBroker::compiler_thread_loop()+0x508
V  [libjvm.so+0xe62564]  JavaThread::thread_main_inner()+0x184
V  [libjvm.so+0xe65c10]  Thread::call_run()+0xc0
V  [libjvm.so+0xc1aa21]  thread_native_entry(Thread*)+0xe1


siginfo: si_signo: 11 (SIGSEGV), si_code: 1 (SEGV_MAPERR), si_addr: 0x0000000000000007

Register to memory mapping:

RAX=0xffffffffffffffff is an unknown value
RBX=0x0000000000000008 is an unknown value
RCX=0x0000000000000001 is an unknown value
RDX=0x000000000000089d is an unknown value
RSP=0x00007f14e7a8b470 is pointing into the stack for thread: 0x00007f1528181df0
RBP=0x00007f14e7a8b4b0 is pointing into the stack for thread: 0x00007f1528181df0
RSI=0x0000000000000001 is an unknown value
RDI=0x00007f1484249898 points into unknown readable memory: 0xffffffffffffffff | ff ff ff ff ff ff ff ff
R8 =0x0 is NULL
R9 =0x0 is NULL
R10=0x0 is NULL
R11=0x000000000000000d is an unknown value
R12=0x00007f14cca98208 points into unknown readable memory: 0x0000000000000000 | 00 00 00 00 00 00 00 00
R13=0x0000000000000001 is an unknown value
R14=0x00007f14843497e8 points into unknown readable memory: 0x00007f152e01cff0 | f0 cf 01 2e 15 7f 00 00
R15=0x00007f14843497e8 points into unknown readable memory: 0x00007f152e01cff0 | f0 cf 01 2e 15 7f 00 00


Registers:
RAX=0xffffffffffffffff, RBX=0x0000000000000008, RCX=0x0000000000000001, RDX=0x000000000000089d
RSP=0x00007f14e7a8b470, RBP=0x00007f14e7a8b4b0, RSI=0x0000000000000001, RDI=0x00007f1484249898
R8 =0x0000000000000000, R9 =0x0000000000000000, R10=0x0000000000000000, R11=0x000000000000000d
R12=0x00007f14cca98208, R13=0x0000000000000001, R14=0x00007f14843497e8, R15=0x00007f14843497e8
RIP=0x00007f152d8a7e0e, EFLAGS=0x0000000000010246, CSGSFS=0x002b000000000033, ERR=0x0000000000000004
  TRAPNO=0x000000000000000e

Top of Stack: (sp=0x00007f14e7a8b470)
0x00007f14e7a8b470:   00007f1484349bf0 00000001e7a8b740
0x00007f14e7a8b480:   00007f14e7a8b4b0 0000000000000008
0x00007f14e7a8b490:   00007f14cca98208 00007f14e7a8b740
0x00007f14e7a8b4a0:   00007f14843497e8 0000000000000001 

Instructions: (pc=0x00007f152d8a7e0e)
0x00007f152d8a7d0e:   c3 49 8b 45 00 ff 90 c0 00 00 00 39 c3 75 3a 45
0x00007f152d8a7d1e:   89 fe 31 db 49 c1 e6 03 45 85 ff 75 0e eb 43 0f
0x00007f152d8a7d2e:   1f 00 48 83 c3 08 49 39 de 74 37 49 8b 44 24 40
0x00007f152d8a7d3e:   48 8b 3c 18 49 8b 45 40 48 8b 34 18 48 8b 07 ff
0x00007f152d8a7d4e:   90 c8 00 00 00 84 c0 75 d9 48 83 c4 08 31 c0 5b
0x00007f152d8a7d5e:   41 5c 41 5d 41 5e 41 5f 5d c3 0f 1f 84 00 00 00
0x00007f152d8a7d6e:   00 00 48 83 c4 08 b8 01 00 00 00 5b 41 5c 41 5d
0x00007f152d8a7d7e:   41 5e 41 5f 5d c3 66 66 2e 0f 1f 84 00 00 00 00
0x00007f152d8a7d8e:   00 90 55 48 89 e5 41 57 49 89 ff 41 56 41 55 41
0x00007f152d8a7d9e:   89 f5 41 54 53 48 83 ec 18 48 8b 07 ff 90 c8 00
0x00007f152d8a7dae:   00 00 44 39 e8 76 4b 66 48 8d 3d db 21 7d 00 66
0x00007f152d8a7dbe:   66 48 e8 4b c7 76 ff 48 8b 00 48 8b 80 70 05 00
0x00007f152d8a7dce:   00 48 8b 80 80 00 00 00 48 8b 80 58 08 00 00 48
0x00007f152d8a7dde:   8b 98 b8 0a 00 00 48 83 c4 18 48 89 d8 5b 41 5c
0x00007f152d8a7dee:   41 5d 41 5e 41 5f 5d c3 66 2e 0f 1f 84 00 00 00
0x00007f152d8a7dfe:   00 00 89 45 cc 49 8b 47 40 48 8b 78 08 48 8b 07
0x00007f152d8a7e0e:   ff 50 08 8b 55 cc 8d 1c 02 41 39 dd 0f 82 90 00
0x00007f152d8a7e1e:   00 00 41 bc 01 00 00 00 66 2e 0f 1f 84 00 00 00
0x00007f152d8a7e2e:   00 00 49 8b 57 40 41 8d 44 24 01 49 89 c4 4c 8d
0x00007f152d8a7e3e:   34 c5 00 00 00 00 48 8b 3c c2 48 8b 07 ff 50 08
0x00007f152d8a7e4e:   89 da 01 c3 44 39 eb 76 d9 49 8b 07 89 55 cc 4c
0x00007f152d8a7e5e:   89 ff ff 90 e8 00 00 00 8b 55 cc 48 85 c0 48 89
0x00007f152d8a7e6e:   c3 74 1b 49 8b 07 89 55 cc 4c 89 ff ff 90 b0 00
0x00007f152d8a7e7e:   00 00 8b 55 cc 44 39 e0 0f 84 58 ff ff ff 49 8b
0x00007f152d8a7e8e:   47 40 44 89 ee 29 d6 4a 8b 3c 30 48 8b 07 48 8b
0x00007f152d8a7e9e:   40 10 48 83 c4 18 5b 41 5c 41 5d 41 5e 41 5f 5d
0x00007f152d8a7eae:   ff e0 41 be 08 00 00 00 41 bc 01 00 00 00 eb 99
0x00007f152d8a7ebe:   66 90 31 c0 c3 90 66 66 2e 0f 1f 84 00 00 00 00
0x00007f152d8a7ece:   00 90 81 bf a0 00 00 00 e7 03 00 00 74 54 55 48
0x00007f152d8a7ede:   89 e5 53 48 89 fb 48 83 ec 08 48 8b 47 08 48 8b
0x00007f152d8a7eee:   38 48 8b 07 ff 50 28 83 78 10 08 74 1d 8b 93 a0
0x00007f152d8a7efe:   00 00 00 48 8d 05 18 71 85 00 48 8b 5d f8 48 8b 


Stack slot to memory mapping:
stack at sp + 0 slots: 0x00007f1484349bf0 points into unknown readable memory: 0x00007f152dfebaa8 | a8 ba fe 2d 15 7f 00 00
stack at sp + 1 slots: 0x00000001e7a8b740 is an unknown value
stack at sp + 2 slots: 0x00007f14e7a8b4b0 is pointing into the stack for thread: 0x00007f1528181df0
stack at sp + 3 slots: 0x0000000000000008 is an unknown value
stack at sp + 4 slots: 0x00007f14cca98208 points into unknown readable memory: 0x0000000000000000 | 00 00 00 00 00 00 00 00
stack at sp + 5 slots: 0x00007f14e7a8b740 is pointing into the stack for thread: 0x00007f1528181df0
stack at sp + 6 slots: 0x00007f14843497e8 points into unknown readable memory: 0x00007f152e01cff0 | f0 cf 01 2e 15 7f 00 00
stack at sp + 7 slots: 0x0000000000000001 is an unknown value


---------------  P R O C E S S  ---------------

Threads class SMR info:
_java_thread_list=0x00007f149800d040, length=39, elements={
0x00007f1528025b70, 0x00007f1528177340, 0x00007f1528178720, 0x00007f152817dc80,
0x00007f152817f030, 0x00007f1528180440, 0x00007f1528181df0, 0x00007f1528183320,
0x00007f15281843a0, 0x00007f152818a9f0, 0x00007f152818dbf0, 0x00007f15283263b0,
0x00007f152832a1c0, 0x00007f15283bdda0, 0x00007f149c002a30, 0x00007f149c003aa0,
0x00007f152865a690, 0x00007f152865dba0, 0x00007f14980012f0, 0x00007f14b402f330,
0x00007f1490000e70, 0x00007f1528432be0, 0x00007f1528387960, 0x00007f1528239dd0,
0x00007f1528e16ab0, 0x00007f1528e17020, 0x00007f1528e17870, 0x00007f1528e1cba0,
0x00007f1528e42d40, 0x00007f1528e42150, 0x00007f1528e426c0, 0x00007f1528e33bc0,
0x00007f1528e3b750, 0x00007f14d011f270, 0x00007f15290f2700, 0x00007f1528e492d0,
0x00007f148c006200, 0x00007f14980036b0, 0x00007f149800c0c0
}

Java Threads: ( => current thread )
  0x00007f1528025b70 JavaThread "main" [_thread_blocked, id=52352, stack(0x00007f152cb68000,0x00007f152cc69000)]
  0x00007f1528177340 JavaThread "Reference Handler" daemon [_thread_blocked, id=52359, stack(0x00007f1508407000,0x00007f1508508000)]
  0x00007f1528178720 JavaThread "Finalizer" daemon [_thread_blocked, id=52360, stack(0x00007f1508306000,0x00007f1508407000)]
  0x00007f152817dc80 JavaThread "Signal Dispatcher" daemon [_thread_blocked, id=52361, stack(0x00007f1508205000,0x00007f1508306000)]
  0x00007f152817f030 JavaThread "Service Thread" daemon [_thread_blocked, id=52362, stack(0x00007f1508104000,0x00007f1508205000)]
  0x00007f1528180440 JavaThread "Monitor Deflation Thread" daemon [_thread_blocked, id=52363, stack(0x00007f1508003000,0x00007f1508104000)]
=>0x00007f1528181df0 JavaThread "C2 CompilerThread0" daemon [_thread_in_native, id=52364, stack(0x00007f14e798f000,0x00007f14e7a90000)]
  0x00007f1528183320 JavaThread "C1 CompilerThread0" daemon [_thread_in_native, id=52365, stack(0x00007f14e788e000,0x00007f14e798f000)]
  0x00007f15281843a0 JavaThread "Sweeper thread" daemon [_thread_blocked, id=52366, stack(0x00007f14e778d000,0x00007f14e788e000)]
  0x00007f152818a9f0 JavaThread "Notification Thread" daemon [_thread_blocked, id=52367, stack(0x00007f14e768c000,0x00007f14e778d000)]
  0x00007f152818dbf0 JavaThread "Common-Cleaner" daemon [_thread_blocked, id=52369, stack(0x00007f14e7489000,0x00007f14e758a000)]
  0x00007f15283263b0 JavaThread "OkHttp ConnectionPool" daemon [_thread_blocked, id=52374, stack(0x00007f14e6f1a000,0x00007f14e701b000)]
  0x00007f152832a1c0 JavaThread "Okio Watchdog" daemon [_thread_blocked, id=52375, stack(0x00007f14e6e19000,0x00007f14e6f1a000)]
  0x00007f15283bdda0 JavaThread "OkHttp quality.tringbytes.com" [_thread_in_native, id=52391, stack(0x00007f14e6d18000,0x00007f14e6e19000)]
  0x00007f149c002a30 JavaThread "OkHttp quality.tringbytes.com Writer" [_thread_blocked, id=52392, stack(0x00007f14e6c17000,0x00007f14e6d18000)]
  0x00007f149c003aa0 JavaThread "OkHttp Http2Connection" daemon [_thread_blocked, id=52393, stack(0x00007f14e6b16000,0x00007f14e6c17000)]
  0x00007f152865a690 JavaThread "OkHttp quality.tringbytes.com" daemon [_thread_in_native, id=52394, stack(0x00007f14e6a15000,0x00007f14e6b16000)]
  0x00007f152865dba0 JavaThread "Okio Watchdog" daemon [_thread_blocked, id=52395, stack(0x00007f14e6914000,0x00007f14e6a15000)]
  0x00007f14980012f0 JavaThread "OkHttp TaskRunner" daemon [_thread_blocked, id=52401, stack(0x00007f14e7357000,0x00007f14e7458000)]
  0x00007f14b402f330 JavaThread "OkHttp TaskRunner" daemon [_thread_blocked, id=52402, stack(0x00007f14e6813000,0x00007f14e6914000)]
  0x00007f1490000e70 JavaThread "OkHttp TaskRunner" daemon [_thread_blocked, id=52403, stack(0x00007f14e6712000,0x00007f14e6813000)]
  0x00007f1528432be0 JavaThread "process reaper (pid 52462)" daemon [_thread_in_native, id=52435, stack(0x00007f14e65ef000,0x00007f14e6611000)]
  0x00007f1528387960 JavaThread "JGit-FileStoreAttributeReader-1" daemon [_thread_blocked, id=52440, stack(0x00007f14e64ee000,0x00007f14e65ef000)]
  0x00007f1528239dd0 JavaThread "JGit-WorkQueue" daemon [_thread_blocked, id=52442, stack(0x00007f14e62ec000,0x00007f14e63ed000)]
  0x00007f1528e16ab0 JavaThread "nodejs-stream-consumer" daemon [_thread_in_native, id=52463, stack(0x00007f14e6611000,0x00007f14e6712000)]
  0x00007f1528e17020 JavaThread "nodejs-stream-consumer" daemon [_thread_in_native, id=52464, stack(0x00007f14e63ed000,0x00007f14e64ee000)]
  0x00007f1528e17870 JavaThread "Okio Watchdog" daemon [_thread_blocked, id=52471, stack(0x00007f14e61eb000,0x00007f14e62ec000)]
  0x00007f1528e1cba0 JavaThread "OkHttp ConnectionPool" daemon [_thread_blocked, id=52472, stack(0x00007f14e60ea000,0x00007f14e61eb000)]
  0x00007f1528e42d40 JavaThread "process reaper (pid 52490)" daemon [_thread_in_native, id=52487, stack(0x00007f14e5fc7000,0x00007f14e5fe9000)]
  0x00007f1528e42150 JavaThread "nodejs-stream-consumer" daemon [_thread_in_native, id=52491, stack(0x00007f14e5ec6000,0x00007f14e5fc7000)]
  0x00007f1528e426c0 JavaThread "nodejs-stream-consumer" daemon [_thread_in_native, id=52492, stack(0x00007f14e5fe9000,0x00007f14e60ea000)]
  0x00007f1528e33bc0 JavaThread "Okio Watchdog" daemon [_thread_blocked, id=52499, stack(0x00007f14e5dc5000,0x00007f14e5ec6000)]
  0x00007f1528e3b750 JavaThread "OkHttp ConnectionPool" daemon [_thread_blocked, id=52510, stack(0x00007f14e5cc4000,0x00007f14e5dc5000)]
  0x00007f14d011f270 JavaThread "C2 CompilerThread1" daemon [_thread_in_native, id=52573, stack(0x00007f14e5bc3000,0x00007f14e5cc4000)]
  0x00007f15290f2700 JavaThread "Report about progress of SCM blame" daemon [_thread_blocked, id=52574, stack(0x00007f14e5ac2000,0x00007f14e5bc3000)]
  0x00007f1528e492d0 JavaThread "git-scm-0" daemon [_thread_in_Java, id=52575, stack(0x00007f14e59c1000,0x00007f14e5ac2000)]
  0x00007f148c006200 JavaThread "git-scm-1" daemon [_thread_in_Java, id=52576, stack(0x00007f14e58c0000,0x00007f14e59c1000)]
  0x00007f14980036b0 JavaThread "git-scm-2" daemon [_thread_blocked, id=52577, stack(0x00007f14e57bf000,0x00007f14e58c0000)]
  0x00007f149800c0c0 JavaThread "git-scm-3" daemon [_thread_blocked, id=52578, stack(0x00007f14e56be000,0x00007f14e57bf000)]

Other Threads:
  0x00007f15281733c0 VMThread "VM Thread" [stack: 0x00007f150850a000,0x00007f150860a000] [id=52358]
  0x00007f152818c330 WatcherThread [stack: 0x00007f14e758c000,0x00007f14e768c000] [id=52368]
  0x00007f152808f610 GCTaskThread "GC Thread#0" [stack: 0x00007f152c3dd000,0x00007f152c4dd000] [id=52353]
  0x00007f14e8004d40 GCTaskThread "GC Thread#1" [stack: 0x00007f14e7257000,0x00007f14e7357000] [id=52371]
  0x00007f14e80057b0 GCTaskThread "GC Thread#2" [stack: 0x00007f14e7155000,0x00007f14e7255000] [id=52372]
  0x00007f14e8006220 GCTaskThread "GC Thread#3" [stack: 0x00007f14e7053000,0x00007f14e7153000] [id=52373]
  0x00007f15280a0430 ConcurrentGCThread "G1 Main Marker" [stack: 0x00007f152c2db000,0x00007f152c3db000] [id=52354]
  0x00007f15280a1390 ConcurrentGCThread "G1 Conc#0" [stack: 0x00007f152c1d9000,0x00007f152c2d9000] [id=52355]
  0x00007f1528144d20 ConcurrentGCThread "G1 Refine#0" [stack: 0x00007f1508860000,0x00007f1508960000] [id=52356]
  0x00007f1528145c10 ConcurrentGCThread "G1 Service" [stack: 0x00007f150875e000,0x00007f150885e000] [id=52357]

Threads with active compile tasks:
C2 CompilerThread0    29490 6109 %     4       sun.security.provider.SHA::implCompress0 @ 379 (506 bytes)
C1 CompilerThread0    29490 6347       2       java.lang.invoke.VarHandleGuards::guard_L_I (74 bytes)
C2 CompilerThread1    29490 6279 %     4       org.eclipse.jgit.util.RawParseUtils::next @ 6 (25 bytes)

VM state: not at safepoint (normal execution)

VM Mutex/Monitor currently owned by a thread: None

Heap address: 0x0000000707c00000, size: 3972 MB, Compressed Oops mode: Zero based, Oop shift amount: 3

CDS archive(s) mapped at: [0x0000000800000000-0x0000000800a7a000-0x0000000800a7a000), size 10985472, SharedBaseAddress: 0x0000000800000000, ArchiveRelocationMode: 0.
Compressed class space mapped at: 0x0000000801000000-0x0000000841000000, reserved size: 1073741824
Narrow klass base: 0x0000000800000000, Narrow klass shift: 0, Narrow klass range: 0x100000000

GC Precious Log:
 CPUs: 4 total, 4 available
 Memory: 15881M
 Large Page Support: Disabled
 NUMA Support: Disabled
 Compressed Oops: Enabled (Zero based)
 Heap Region Size: 2M
 Heap Min Capacity: 8M
 Heap Initial Capacity: 250M
 Heap Max Capacity: 3972M
 Pre-touch: Disabled
 Parallel Workers: 4
 Concurrent Workers: 1
 Concurrent Refinement Workers: 4
 Periodic GC: Disabled

Heap:
 garbage-first heap   total 118784K, used 40634K [0x0000000707c00000, 0x0000000800000000)
  region size 2048K, 7 young (14336K), 2 survivors (4096K)
 Metaspace       used 47431K, committed 47936K, reserved 1114112K
  class space    used 6018K, committed 6272K, reserved 1048576K

Heap Regions: E=young(eden), S=young(survivor), O=old, HS=humongous(starts), HC=humongous(continues), CS=collection set, F=free, OA=open archive, CA=closed archive, TAMS=top-at-mark-start (previous, next)
|   0|0x0000000707c00000, 0x0000000707e00000, 0x0000000707e00000|100%| O|  |TAMS 0x0000000707e00000, 0x0000000707c00000| Untracked 
|   1|0x0000000707e00000, 0x0000000708000000, 0x0000000708000000|100%|HS|  |TAMS 0x0000000708000000, 0x0000000707e00000| Complete 
|   2|0x0000000708000000, 0x0000000708200000, 0x0000000708200000|100%| O|  |TAMS 0x0000000708000000, 0x0000000708000000| Untracked 
|   3|0x0000000708200000, 0x0000000708400000, 0x0000000708400000|100%|HS|  |TAMS 0x0000000708400000, 0x0000000708200000| Complete 
|   4|0x0000000708400000, 0x0000000708600000, 0x0000000708600000|100%|HC|  |TAMS 0x0000000708600000, 0x0000000708400000| Complete 
|   5|0x0000000708600000, 0x0000000708800000, 0x0000000708800000|100%| O|  |TAMS 0x0000000708800000, 0x0000000708600000| Untracked 
|   6|0x0000000708800000, 0x0000000708800000, 0x0000000708a00000|  0%| F|  |TAMS 0x0000000708800000, 0x0000000708800000| Untracked 
|   7|0x0000000708a00000, 0x0000000708c00000, 0x0000000708c00000|100%| O|  |TAMS 0x0000000708c00000, 0x0000000708a00000| Untracked 
|   8|0x0000000708c00000, 0x0000000708e00000, 0x0000000708e00000|100%| O|  |TAMS 0x0000000708e00000, 0x0000000708c00000| Untracked 
|   9|0x0000000708e00000, 0x0000000709000000, 0x0000000709000000|100%| O|  |TAMS 0x0000000709000000, 0x0000000708e00000| Untracked 
|  10|0x0000000709000000, 0x0000000709200000, 0x0000000709200000|100%| O|  |TAMS 0x0000000709200000, 0x0000000709000000| Untracked 
|  11|0x0000000709200000, 0x0000000709400000, 0x0000000709400000|100%| O|  |TAMS 0x0000000709400000, 0x0000000709200000| Untracked 
|  12|0x0000000709400000, 0x0000000709600000, 0x0000000709600000|100%| O|  |TAMS 0x0000000709481600, 0x0000000709400000| Untracked 
|  13|0x0000000709600000, 0x0000000709800000, 0x0000000709800000|100%| O|  |TAMS 0x0000000709600000, 0x0000000709600000| Untracked 
|  14|0x0000000709800000, 0x00000007098cf600, 0x0000000709a00000| 40%| O|  |TAMS 0x0000000709800000, 0x0000000709800000| Untracked 
|  15|0x0000000709a00000, 0x0000000709a00000, 0x0000000709c00000|  0%| F|  |TAMS 0x0000000709a00000, 0x0000000709a00000| Untracked 
|  16|0x0000000709c00000, 0x0000000709c00000, 0x0000000709e00000|  0%| F|  |TAMS 0x0000000709c00000, 0x0000000709c00000| Untracked 
|  17|0x0000000709e00000, 0x0000000709e00000, 0x000000070a000000|  0%| F|  |TAMS 0x0000000709e00000, 0x0000000709e00000| Untracked 
|  18|0x000000070a000000, 0x000000070a000000, 0x000000070a200000|  0%| F|  |TAMS 0x000000070a000000, 0x000000070a000000| Untracked 
|  19|0x000000070a200000, 0x000000070a200000, 0x000000070a400000|  0%| F|  |TAMS 0x000000070a200000, 0x000000070a200000| Untracked 
|  20|0x000000070a400000, 0x000000070a400000, 0x000000070a600000|  0%| F|  |TAMS 0x000000070a400000, 0x000000070a400000| Untracked 
|  21|0x000000070a600000, 0x000000070a6f8478, 0x000000070a800000| 48%| S|CS|TAMS 0x000000070a600000, 0x000000070a600000| Complete 
|  22|0x000000070a800000, 0x000000070a800000, 0x000000070aa00000|  0%| F|  |TAMS 0x000000070a800000, 0x000000070a800000| Untracked 
|  23|0x000000070aa00000, 0x000000070ac00000, 0x000000070ac00000|100%| S|CS|TAMS 0x000000070aa00000, 0x000000070aa00000| Complete 
|  24|0x000000070ac00000, 0x000000070ac00000, 0x000000070ae00000|  0%| F|  |TAMS 0x000000070ac00000, 0x000000070ac00000| Untracked 
|  25|0x000000070ae00000, 0x000000070ae00000, 0x000000070b000000|  0%| F|  |TAMS 0x000000070ae00000, 0x000000070ae00000| Untracked 
|  26|0x000000070b000000, 0x000000070b000000, 0x000000070b200000|  0%| F|  |TAMS 0x000000070b000000, 0x000000070b000000| Untracked 
|  27|0x000000070b200000, 0x000000070b200000, 0x000000070b400000|  0%| F|  |TAMS 0x000000070b200000, 0x000000070b200000| Untracked 
|  28|0x000000070b400000, 0x000000070b400000, 0x000000070b600000|  0%| F|  |TAMS 0x000000070b400000, 0x000000070b400000| Untracked 
|  29|0x000000070b600000, 0x000000070b600000, 0x000000070b800000|  0%| F|  |TAMS 0x000000070b600000, 0x000000070b600000| Untracked 
|  30|0x000000070b800000, 0x000000070b800000, 0x000000070ba00000|  0%| F|  |TAMS 0x000000070b800000, 0x000000070b800000| Untracked 
|  31|0x000000070ba00000, 0x000000070ba00000, 0x000000070bc00000|  0%| F|  |TAMS 0x000000070ba00000, 0x000000070ba00000| Untracked 
|  32|0x000000070bc00000, 0x000000070bc00000, 0x000000070be00000|  0%| F|  |TAMS 0x000000070bc00000, 0x000000070bc00000| Untracked 
|  33|0x000000070be00000, 0x000000070be00000, 0x000000070c000000|  0%| F|  |TAMS 0x000000070be00000, 0x000000070be00000| Untracked 
|  34|0x000000070c000000, 0x000000070c000000, 0x000000070c200000|  0%| F|  |TAMS 0x000000070c000000, 0x000000070c000000| Untracked 
|  35|0x000000070c200000, 0x000000070c200000, 0x000000070c400000|  0%| F|  |TAMS 0x000000070c200000, 0x000000070c200000| Untracked 
|  36|0x000000070c400000, 0x000000070c400000, 0x000000070c600000|  0%| F|  |TAMS 0x000000070c400000, 0x000000070c400000| Untracked 
|  37|0x000000070c600000, 0x000000070c600000, 0x000000070c800000|  0%| F|  |TAMS 0x000000070c600000, 0x000000070c600000| Untracked 
|  38|0x000000070c800000, 0x000000070c800000, 0x000000070ca00000|  0%| F|  |TAMS 0x000000070c800000, 0x000000070c800000| Untracked 
|  39|0x000000070ca00000, 0x000000070ca00000, 0x000000070cc00000|  0%| F|  |TAMS 0x000000070ca00000, 0x000000070ca00000| Untracked 
|  40|0x000000070cc00000, 0x000000070cc00000, 0x000000070ce00000|  0%| F|  |TAMS 0x000000070cc00000, 0x000000070cc00000| Untracked 
|  41|0x000000070ce00000, 0x000000070ce00000, 0x000000070d000000|  0%| F|  |TAMS 0x000000070ce00000, 0x000000070ce00000| Untracked 
|  42|0x000000070d000000, 0x000000070d000000, 0x000000070d200000|  0%| F|  |TAMS 0x000000070d000000, 0x000000070d000000| Untracked 
|  43|0x000000070d200000, 0x000000070d200000, 0x000000070d400000|  0%| F|  |TAMS 0x000000070d200000, 0x000000070d200000| Untracked 
|  44|0x000000070d400000, 0x000000070d400000, 0x000000070d600000|  0%| F|  |TAMS 0x000000070d400000, 0x000000070d400000| Untracked 
|  45|0x000000070d600000, 0x000000070d600000, 0x000000070d800000|  0%| F|  |TAMS 0x000000070d600000, 0x000000070d600000| Untracked 
|  46|0x000000070d800000, 0x000000070d800000, 0x000000070da00000|  0%| F|  |TAMS 0x000000070d800000, 0x000000070d800000| Untracked 
|  47|0x000000070da00000, 0x000000070da00000, 0x000000070dc00000|  0%| F|  |TAMS 0x000000070da00000, 0x000000070da00000| Untracked 
|  48|0x000000070dc00000, 0x000000070dc00000, 0x000000070de00000|  0%| F|  |TAMS 0x000000070dc00000, 0x000000070dc00000| Untracked 
| 101|0x0000000714600000, 0x0000000714600000, 0x0000000714800000|  0%| F|  |TAMS 0x0000000714600000, 0x0000000714600000| Untracked 
| 102|0x0000000714800000, 0x000000071498b230, 0x0000000714a00000| 77%| E|  |TAMS 0x0000000714800000, 0x0000000714800000| Complete 
| 103|0x0000000714a00000, 0x0000000714c00000, 0x0000000714c00000|100%| E|CS|TAMS 0x0000000714a00000, 0x0000000714a00000| Complete 
| 104|0x0000000714c00000, 0x0000000714e00000, 0x0000000714e00000|100%| E|CS|TAMS 0x0000000714c00000, 0x0000000714c00000| Complete 
| 105|0x0000000714e00000, 0x0000000715000000, 0x0000000715000000|100%| E|CS|TAMS 0x0000000714e00000, 0x0000000714e00000| Complete 
| 108|0x0000000715400000, 0x0000000715600000, 0x0000000715600000|100%| E|CS|TAMS 0x0000000715400000, 0x0000000715400000| Complete 
| 124|0x0000000717400000, 0x0000000717600000, 0x0000000717600000|100%| E|CS|TAMS 0x0000000717400000, 0x0000000717400000| Complete 
|1984|0x00000007ffc00000, 0x00000007ffd6a000, 0x00000007ffe00000| 70%|OA|  |TAMS 0x00000007ffd6a000, 0x00000007ffc00000| Untracked 
|1985|0x00000007ffe00000, 0x00000007ffe7d000, 0x0000000800000000| 24%|CA|  |TAMS 0x00000007ffe7d000, 0x00000007ffe00000| Untracked 

Card table byte_map: [0x00007f1513045000,0x00007f1513807000] _byte_map_base: 0x00007f150f807000

Marking Bits (Prev, Next): (CMBitMap*) 0x00007f1528090090, (CMBitMap*) 0x00007f15280900d0
 Prev Bits: [0x00007f150ea73000, 0x00007f1512883000)
 Next Bits: [0x00007f150ac63000, 0x00007f150ea73000)

Polling page: 0x00007f152e365000

Metaspace:

Usage:
  Non-class:     40.55 MB used.
      Class:      5.88 MB used.
       Both:     46.44 MB used.

Virtual space:
  Non-class space:       64.00 MB reserved,      40.88 MB ( 64%) committed,  1 nodes.
      Class space:        1.00 GB reserved,       6.12 MB ( <1%) committed,  1 nodes.
             Both:        1.06 GB reserved,      47.00 MB (  4%) committed. 

Chunk freelists:
   Non-Class:  6.23 MB
       Class:  9.70 MB
        Both:  15.94 MB

MaxMetaspaceSize: unlimited
CompressedClassSpaceSize: 1.00 GB
Initial GC threshold: 21.00 MB
Current GC threshold: 54.31 MB
CDS: on
MetaspaceReclaimPolicy: balanced
 - commit_granule_bytes: 65536.
 - commit_granule_words: 8192.
 - virtual_space_node_default_size: 8388608.
 - enlarge_chunks_in_place: 1.
 - new_chunks_are_fully_committed: 0.
 - uncommit_free_chunks: 1.
 - use_allocation_guard: 0.
 - handle_deallocations: 1.


Internal statistics:

num_allocs_failed_limit: 6.
num_arena_births: 264.
num_arena_deaths: 0.
num_vsnodes_births: 2.
num_vsnodes_deaths: 0.
num_space_committed: 752.
num_space_uncommitted: 0.
num_chunks_returned_to_freelist: 6.
num_chunks_taken_from_freelist: 1824.
num_chunk_merges: 6.
num_chunk_splits: 1356.
num_chunks_enlarged: 1089.
num_inconsistent_stats: 0.

CodeHeap 'non-profiled nmethods': size=120032Kb used=3174Kb max_used=3338Kb free=116857Kb
 bounds [0x00007f151ba91000, 0x00007f151bde1000, 0x00007f1522fc9000]
CodeHeap 'profiled nmethods': size=120028Kb used=9614Kb max_used=11195Kb free=110413Kb
 bounds [0x00007f1513fc9000, 0x00007f1514ab9000, 0x00007f151b500000]
CodeHeap 'non-nmethods': size=5700Kb used=1277Kb max_used=1340Kb free=4422Kb
 bounds [0x00007f151b500000, 0x00007f151b770000, 0x00007f151ba91000]
 total_blobs=5928 nmethods=5330 adapters=509
 compilation: enabled
              stopped_count=0, restarted_count=0
 full_count=0

Compilation events (20 events):
Event: 29.281 Thread 0x00007f1528183320 6128       3       org.eclipse.jgit.treewalk.TreeWalk::min (118 bytes)
Event: 29.282 Thread 0x00007f1528183320 nmethod 6128 0x00007f151418d590 code [0x00007f151418d7c0, 0x00007f151418e230]
Event: 29.284 Thread 0x00007f1528183320 6132       3       org.eclipse.jgit.util.IntList::add (34 bytes)
Event: 29.284 Thread 0x00007f1528183320 nmethod 6132 0x00007f15143d6590 code [0x00007f15143d6740, 0x00007f15143d6900]
Event: 29.284 Thread 0x00007f1528183320 6130       3       org.eclipse.jgit.treewalk.CanonicalTreeParser::eof (16 bytes)
Event: 29.285 Thread 0x00007f1528183320 nmethod 6130 0x00007f15147b3590 code [0x00007f15147b3740, 0x00007f15147b38d0]
Event: 29.285 Thread 0x00007f1528183320 6133       3       org.eclipse.jgit.util.RawParseUtils::nextLF (8 bytes)
Event: 29.285 Thread 0x00007f1528183320 nmethod 6133 0x00007f15145f0010 code [0x00007f15145f01c0, 0x00007f15145f0430]
Event: 29.285 Thread 0x00007f1528183320 6129       3       org.eclipse.jgit.lib.AnyObjectId::<init> (5 bytes)
Event: 29.285 Thread 0x00007f1528183320 nmethod 6129 0x00007f1514861e90 code [0x00007f1514862040, 0x00007f1514862190]
Event: 29.285 Thread 0x00007f1528183320 6131       1       org.eclipse.jgit.lib.Config::getBaseConfig (5 bytes)
Event: 29.285 Thread 0x00007f1528183320 nmethod 6131 0x00007f151bb3b090 code [0x00007f151bb3b220, 0x00007f151bb3b2f0]
Event: 29.286 Thread 0x00007f1528183320 6135       3       org.eclipse.jgit.lib.Config::getRawStringList (17 bytes)
Event: 29.286 Thread 0x00007f1528183320 nmethod 6135 0x00007f1514862690 code [0x00007f1514862840, 0x00007f1514862ac0]
Event: 29.288 Thread 0x00007f1528183320 6137       3       org.eclipse.jgit.lib.AnyObjectId::formatHexChar (52 bytes)
Event: 29.288 Thread 0x00007f1528183320 nmethod 6137 0x00007f15145e8e10 code [0x00007f15145e8fe0, 0x00007f15145e9310]
Event: 29.288 Thread 0x00007f1528183320 6138       3       org.eclipse.jgit.treewalk.CanonicalTreeParser::parseEntry (121 bytes)
Event: 29.289 Thread 0x00007f1528183320 nmethod 6138 0x00007f1514338110 code [0x00007f1514338300, 0x00007f15143387e0]
Event: 29.289 Thread 0x00007f1528183320 6136       3       org.eclipse.jgit.lib.ConfigSnapshot::sorted (24 bytes)
Event: 29.289 Thread 0x00007f1528183320 nmethod 6136 0x00007f151448a390 code [0x00007f151448a540, 0x00007f151448a720]

GC Heap History (20 events):
Event: 2.863 GC heap before
{Heap before GC invocations=3 (full 0):
 garbage-first heap   total 260096K, used 45419K [0x0000000707c00000, 0x0000000800000000)
  region size 2048K, 18 young (36864K), 2 survivors (4096K)
 Metaspace       used 21174K, committed 21504K, reserved 1114112K
  class space    used 2440K, committed 2560K, reserved 1048576K
}
Event: 2.872 GC heap after
{Heap after GC invocations=4 (full 0):
 garbage-first heap   total 260096K, used 23381K [0x0000000707c00000, 0x0000000800000000)
  region size 2048K, 6 young (12288K), 6 survivors (12288K)
 Metaspace       used 21174K, committed 21504K, reserved 1114112K
  class space    used 2440K, committed 2560K, reserved 1048576K
}
Event: 8.174 GC heap before
{Heap before GC invocations=5 (full 0):
 garbage-first heap   total 96256K, used 68437K [0x0000000707c00000, 0x0000000800000000)
  region size 2048K, 28 young (57344K), 6 survivors (12288K)
 Metaspace       used 28455K, committed 28864K, reserved 1114112K
  class space    used 3200K, committed 3392K, reserved 1048576K
}
Event: 8.187 GC heap after
{Heap after GC invocations=6 (full 0):
 garbage-first heap   total 96256K, used 25055K [0x0000000707c00000, 0x0000000800000000)
  region size 2048K, 2 young (4096K), 2 survivors (4096K)
 Metaspace       used 28455K, committed 28864K, reserved 1114112K
  class space    used 3200K, committed 3392K, reserved 1048576K
}
Event: 8.355 GC heap before
{Heap before GC invocations=6 (full 0):
 garbage-first heap   total 96256K, used 27103K [0x0000000707c00000, 0x0000000800000000)
  region size 2048K, 3 young (6144K), 2 survivors (4096K)
 Metaspace       used 28808K, committed 29248K, reserved 1114112K
  class space    used 3245K, committed 3456K, reserved 1048576K
}
Event: 8.368 GC heap after
{Heap after GC invocations=7 (full 0):
 garbage-first heap   total 96256K, used 25397K [0x0000000707c00000, 0x0000000800000000)
  region size 2048K, 1 young (2048K), 1 survivors (2048K)
 Metaspace       used 28808K, committed 29248K, reserved 1114112K
  class space    used 3245K, committed 3456K, reserved 1048576K
}
Event: 9.139 GC heap before
{Heap before GC invocations=7 (full 0):
 garbage-first heap   total 96256K, used 66357K [0x0000000707c00000, 0x0000000800000000)
  region size 2048K, 21 young (43008K), 1 survivors (2048K)
 Metaspace       used 32629K, committed 33088K, reserved 1114112K
  class space    used 3729K, committed 3968K, reserved 1048576K
}
Event: 9.143 GC heap after
{Heap after GC invocations=8 (full 0):
 garbage-first heap   total 96256K, used 27079K [0x0000000707c00000, 0x0000000800000000)
  region size 2048K, 2 young (4096K), 2 survivors (4096K)
 Metaspace       used 32629K, committed 33088K, reserved 1114112K
  class space    used 3729K, committed 3968K, reserved 1048576K
}
Event: 9.641 GC heap before
{Heap before GC invocations=9 (full 0):
 garbage-first heap   total 96256K, used 68039K [0x0000000707c00000, 0x0000000800000000)
  region size 2048K, 22 young (45056K), 2 survivors (4096K)
 Metaspace       used 39003K, committed 39552K, reserved 1114112K
  class space    used 4971K, committed 5184K, reserved 1048576K
}
Event: 9.646 GC heap after
{Heap after GC invocations=10 (full 0):
 garbage-first heap   total 96256K, used 29617K [0x0000000707c00000, 0x0000000800000000)
  region size 2048K, 3 young (6144K), 3 survivors (6144K)
 Metaspace       used 39003K, committed 39552K, reserved 1114112K
  class space    used 4971K, committed 5184K, reserved 1048576K
}
Event: 9.676 GC heap before
{Heap before GC invocations=10 (full 0):
 garbage-first heap   total 96256K, used 31665K [0x0000000707c00000, 0x0000000800000000)
  region size 2048K, 4 young (8192K), 3 survivors (6144K)
 Metaspace       used 39319K, committed 39872K, reserved 1114112K
  class space    used 5006K, committed 5248K, reserved 1048576K
}
Event: 9.685 GC heap after
{Heap after GC invocations=11 (full 0):
 garbage-first heap   total 118784K, used 30125K [0x0000000707c00000, 0x0000000800000000)
  region size 2048K, 1 young (2048K), 1 survivors (2048K)
 Metaspace       used 39319K, committed 39872K, reserved 1114112K
  class space    used 5006K, committed 5248K, reserved 1048576K
}
Event: 10.625 GC heap before
{Heap before GC invocations=11 (full 0):
 garbage-first heap   total 118784K, used 89517K [0x0000000707c00000, 0x0000000800000000)
  region size 2048K, 30 young (61440K), 1 survivors (2048K)
 Metaspace       used 40154K, committed 40640K, reserved 1114112K
  class space    used 5096K, committed 5312K, reserved 1048576K
}
Event: 10.627 GC heap after
{Heap after GC invocations=12 (full 0):
 garbage-first heap   total 118784K, used 29841K [0x0000000707c00000, 0x0000000800000000)
  region size 2048K, 1 young (2048K), 1 survivors (2048K)
 Metaspace       used 40154K, committed 40640K, reserved 1114112K
  class space    used 5096K, committed 5312K, reserved 1048576K
}
Event: 12.472 GC heap before
{Heap before GC invocations=12 (full 0):
 garbage-first heap   total 118784K, used 91281K [0x0000000707c00000, 0x0000000800000000)
  region size 2048K, 31 young (63488K), 1 survivors (2048K)
 Metaspace       used 41159K, committed 41664K, reserved 1114112K
  class space    used 5187K, committed 5440K, reserved 1048576K
}
Event: 12.474 GC heap after
{Heap after GC invocations=13 (full 0):
 garbage-first heap   total 118784K, used 29906K [0x0000000707c00000, 0x0000000800000000)
  region size 2048K, 1 young (2048K), 1 survivors (2048K)
 Metaspace       used 41159K, committed 41664K, reserved 1114112K
  class space    used 5187K, committed 5440K, reserved 1048576K
}
Event: 13.466 GC heap before
{Heap before GC invocations=13 (full 0):
 garbage-first heap   total 118784K, used 93394K [0x0000000707c00000, 0x0000000800000000)
  region size 2048K, 32 young (65536K), 1 survivors (2048K)
 Metaspace       used 41163K, committed 41664K, reserved 1114112K
  class space    used 5187K, committed 5440K, reserved 1048576K
}
Event: 13.468 GC heap after
{Heap after GC invocations=14 (full 0):
 garbage-first heap   total 118784K, used 29908K [0x0000000707c00000, 0x0000000800000000)
  region size 2048K, 1 young (2048K), 1 survivors (2048K)
 Metaspace       used 41163K, committed 41664K, reserved 1114112K
  class space    used 5187K, committed 5440K, reserved 1048576K
}
Event: 24.510 GC heap before
{Heap before GC invocations=14 (full 0):
 garbage-first heap   total 118784K, used 95444K [0x0000000707c00000, 0x0000000800000000)
  region size 2048K, 33 young (67584K), 1 survivors (2048K)
 Metaspace       used 45779K, committed 46272K, reserved 1114112K
  class space    used 5826K, committed 6016K, reserved 1048576K
}
Event: 24.514 GC heap after
{Heap after GC invocations=15 (full 0):
 garbage-first heap   total 118784K, used 31137K [0x0000000707c00000, 0x0000000800000000)
  region size 2048K, 1 young (2048K), 1 survivors (2048K)
 Metaspace       used 45779K, committed 46272K, reserved 1114112K
  class space    used 5826K, committed 6016K, reserved 1048576K
}

Dll operation events (8 events):
Event: 0.002 Loaded shared library /home/tringapps/.sonar/native-sonar-scanner/sonar-scanner-5.0.1.3006-linux/jre/lib/libjava.so
Event: 0.026 Loaded shared library /home/tringapps/.sonar/native-sonar-scanner/sonar-scanner-5.0.1.3006-linux/jre/lib/libjsvml.so
Event: 0.090 Loaded shared library /home/tringapps/.sonar/native-sonar-scanner/sonar-scanner-5.0.1.3006-linux/jre/lib/libnio.so
Event: 0.097 Loaded shared library /home/tringapps/.sonar/native-sonar-scanner/sonar-scanner-5.0.1.3006-linux/jre/lib/libzip.so
Event: 0.142 Loaded shared library /home/tringapps/.sonar/native-sonar-scanner/sonar-scanner-5.0.1.3006-linux/jre/lib/libjimage.so
Event: 0.358 Loaded shared library /home/tringapps/.sonar/native-sonar-scanner/sonar-scanner-5.0.1.3006-linux/jre/lib/libnet.so
Event: 0.512 Loaded shared library /home/tringapps/.sonar/native-sonar-scanner/sonar-scanner-5.0.1.3006-linux/jre/lib/libextnet.so
Event: 1.113 Loaded shared library /home/tringapps/.sonar/native-sonar-scanner/sonar-scanner-5.0.1.3006-linux/jre/lib/libverify.so

Deoptimization events (20 events):
Event: 29.194 Thread 0x00007f1528025b70 Uncommon trap: trap_request=0xffffff45 fr.pc=0x00007f151bce119c relative=0x00000000000000fc
Event: 29.194 Thread 0x00007f1528025b70 Uncommon trap: reason=unstable_if action=reinterpret pc=0x00007f151bce119c method=java.util.concurrent.TimeUnit.toMillis(J)J @ 18 c2
Event: 29.194 Thread 0x00007f1528025b70 DEOPT PACKING pc=0x00007f151bce119c sp=0x00007f152cc66920
Event: 29.194 Thread 0x00007f1528025b70 DEOPT UNPACKING pc=0x00007f151b556699 sp=0x00007f152cc668c0 mode 2
Event: 29.196 Thread 0x00007f1528e492d0 Uncommon trap: trap_request=0xffffff45 fr.pc=0x00007f151bd97b20 relative=0x0000000000000180
Event: 29.196 Thread 0x00007f1528e492d0 Uncommon trap: reason=unstable_if action=reinterpret pc=0x00007f151bd97b20 method=java.util.stream.AbstractPipeline.evaluate(Ljava/util/stream/TerminalOp;)Ljava/lang/Object; @ 53 c2
Event: 29.196 Thread 0x00007f1528e492d0 DEOPT PACKING pc=0x00007f151bd97b20 sp=0x00007f14e5ac0500
Event: 29.196 Thread 0x00007f1528e492d0 DEOPT UNPACKING pc=0x00007f151b556699 sp=0x00007f14e5ac04d0 mode 2
Event: 29.225 Thread 0x00007f14980036b0 Uncommon trap: trap_request=0xffffff45 fr.pc=0x00007f151bae24c8 relative=0x0000000000000da8
Event: 29.225 Thread 0x00007f14980036b0 Uncommon trap: reason=unstable_if action=reinterpret pc=0x00007f151bae24c8 method=java.util.concurrent.ConcurrentHashMap.putVal(Ljava/lang/Object;Ljava/lang/Object;Z)Ljava/lang/Object; @ 97 c2
Event: 29.225 Thread 0x00007f14980036b0 DEOPT PACKING pc=0x00007f151bae24c8 sp=0x00007f14e58bd8e0
Event: 29.225 Thread 0x00007f14980036b0 DEOPT UNPACKING pc=0x00007f151b556699 sp=0x00007f14e58bd868 mode 2
Event: 29.277 Thread 0x00007f1528e492d0 Uncommon trap: trap_request=0xffffffc6 fr.pc=0x00007f151bcfd07c relative=0x00000000000009dc
Event: 29.277 Thread 0x00007f1528e492d0 Uncommon trap: reason=bimorphic_or_optimized_type_check action=maybe_recompile pc=0x00007f151bcfd07c method=sun.nio.fs.UnixChannelFactory$Flags.toFlags(Ljava/util/Set;)Lsun/nio/fs/UnixChannelFactory$Flags; @ 9 c2
Event: 29.277 Thread 0x00007f1528e492d0 DEOPT PACKING pc=0x00007f151bcfd07c sp=0x00007f14e5abf310
Event: 29.277 Thread 0x00007f1528e492d0 DEOPT UNPACKING pc=0x00007f151b556699 sp=0x00007f14e5abf2d0 mode 2
Event: 29.277 Thread 0x00007f1528e492d0 Uncommon trap: trap_request=0xffffff45 fr.pc=0x00007f151bd271e8 relative=0x0000000000000388
Event: 29.277 Thread 0x00007f1528e492d0 Uncommon trap: reason=unstable_if action=reinterpret pc=0x00007f151bd271e8 method=sun.nio.fs.UnixChannelFactory.open(ILsun/nio/fs/UnixPath;Ljava/lang/String;Lsun/nio/fs/UnixChannelFactory$Flags;I)Ljava/io/FileDescriptor; @ 4 c2
Event: 29.277 Thread 0x00007f1528e492d0 DEOPT PACKING pc=0x00007f151bd271e8 sp=0x00007f14e5abf310
Event: 29.277 Thread 0x00007f1528e492d0 DEOPT UNPACKING pc=0x00007f151b556699 sp=0x00007f14e5abf2a0 mode 2

Classes unloaded (0 events):
No events

Classes redefined (0 events):
No events

Internal exceptions (20 events):
Event: 29.256 Thread 0x00007f149800c0c0 Exception <a 'sun/nio/fs/UnixException'{0x000000070bb2d350}> (0x000000070bb2d350) 
thrown [src/hotspot/share/prims/jni.cpp, line 516]
Event: 29.257 Thread 0x00007f149800c0c0 Exception <a 'sun/nio/fs/UnixException'{0x000000070bb2db38}> (0x000000070bb2db38) 
thrown [src/hotspot/share/prims/jni.cpp, line 516]
Event: 29.257 Thread 0x00007f149800c0c0 Exception <a 'sun/nio/fs/UnixException'{0x000000070bb2e238}> (0x000000070bb2e238) 
thrown [src/hotspot/share/prims/jni.cpp, line 516]
Event: 29.258 Thread 0x00007f149800c0c0 Exception <a 'sun/nio/fs/UnixException'{0x000000070bb3acc8}> (0x000000070bb3acc8) 
thrown [src/hotspot/share/prims/jni.cpp, line 516]
Event: 29.260 Thread 0x00007f1528e492d0 Exception <a 'sun/nio/fs/UnixException'{0x000000070bbec430}> (0x000000070bbec430) 
thrown [src/hotspot/share/prims/jni.cpp, line 516]
Event: 29.260 Thread 0x00007f1528e492d0 Exception <a 'sun/nio/fs/UnixException'{0x000000070bbecec0}> (0x000000070bbecec0) 
thrown [src/hotspot/share/prims/jni.cpp, line 516]
Event: 29.260 Thread 0x00007f1528e492d0 Exception <a 'sun/nio/fs/UnixException'{0x000000070b8a55d8}> (0x000000070b8a55d8) 
thrown [src/hotspot/share/prims/jni.cpp, line 516]
Event: 29.261 Thread 0x00007f1528e492d0 Exception <a 'sun/nio/fs/UnixException'{0x000000070b8b2310}> (0x000000070b8b2310) 
thrown [src/hotspot/share/prims/jni.cpp, line 516]
Event: 29.264 Thread 0x00007f14980036b0 Exception <a 'sun/nio/fs/UnixException'{0x000000070b8f7e48}> (0x000000070b8f7e48) 
thrown [src/hotspot/share/prims/jni.cpp, line 516]
Event: 29.274 Thread 0x00007f149800c0c0 Exception <a 'sun/nio/fs/UnixException'{0x000000070b99db88}> (0x000000070b99db88) 
thrown [src/hotspot/share/prims/jni.cpp, line 516]
Event: 29.275 Thread 0x00007f1528e492d0 Exception <a 'sun/nio/fs/UnixException'{0x000000070b8cb9e0}> (0x000000070b8cb9e0) 
thrown [src/hotspot/share/prims/jni.cpp, line 516]
Event: 29.277 Thread 0x00007f1528e492d0 Exception <a 'sun/nio/fs/UnixException'{0x000000070b8cfd88}> (0x000000070b8cfd88) 
thrown [src/hotspot/share/prims/jni.cpp, line 516]
Event: 29.283 Thread 0x00007f14980036b0 Exception <a 'sun/nio/fs/UnixException'{0x000000070b927de0}> (0x000000070b927de0) 
thrown [src/hotspot/share/prims/jni.cpp, line 516]
Event: 29.283 Thread 0x00007f14980036b0 Exception <a 'sun/nio/fs/UnixException'{0x000000070b944248}> (0x000000070b944248) 
thrown [src/hotspot/share/prims/jni.cpp, line 516]
Event: 29.283 Thread 0x00007f149800c0c0 Exception <a 'sun/nio/fs/UnixException'{0x000000070b9c0088}> (0x000000070b9c0088) 
thrown [src/hotspot/share/prims/jni.cpp, line 516]
Event: 29.284 Thread 0x00007f149800c0c0 Exception <a 'sun/nio/fs/UnixException'{0x000000070b9d32d8}> (0x000000070b9d32d8) 
thrown [src/hotspot/share/prims/jni.cpp, line 516]
Event: 29.284 Thread 0x00007f148c006200 Exception <a 'sun/nio/fs/UnixException'{0x000000070b65de60}> (0x000000070b65de60) 
thrown [src/hotspot/share/prims/jni.cpp, line 516]
Event: 29.285 Thread 0x00007f148c006200 Exception <a 'sun/nio/fs/UnixException'{0x000000070b67a388}> (0x000000070b67a388) 
thrown [src/hotspot/share/prims/jni.cpp, line 516]
Event: 29.286 Thread 0x00007f1528e492d0 Exception <a 'sun/nio/fs/UnixException'{0x000000070b60a260}> (0x000000070b60a260) 
thrown [src/hotspot/share/prims/jni.cpp, line 516]
Event: 29.287 Thread 0x00007f1528e492d0 Exception <a 'sun/nio/fs/UnixException'{0x000000070b626788}> (0x000000070b626788) 
thrown [src/hotspot/share/prims/jni.cpp, line 516]

VM Operations (20 events):
Event: 24.509 Executing VM operation: G1CollectForAllocation
Event: 24.514 Executing VM operation: G1CollectForAllocation done
Event: 25.514 Executing VM operation: Cleanup
Event: 25.514 Executing VM operation: Cleanup done
Event: 25.957 Executing VM operation: HandshakeAllThreads
Event: 25.957 Executing VM operation: HandshakeAllThreads done
Event: 26.226 Executing VM operation: HandshakeAllThreads
Event: 26.226 Executing VM operation: HandshakeAllThreads done
Event: 26.344 Executing VM operation: HandshakeAllThreads
Event: 26.344 Executing VM operation: HandshakeAllThreads done
Event: 27.354 Executing VM operation: Cleanup
Event: 27.357 Executing VM operation: Cleanup done
Event: 28.357 Executing VM operation: Cleanup
Event: 28.357 Executing VM operation: Cleanup done
Event: 29.089 Executing VM operation: HandshakeAllThreads
Event: 29.089 Executing VM operation: HandshakeAllThreads done
Event: 29.119 Executing VM operation: HandshakeAllThreads
Event: 29.119 Executing VM operation: HandshakeAllThreads done
Event: 29.287 Executing VM operation: HandshakeAllThreads
Event: 29.288 Executing VM operation: HandshakeAllThreads done

Events (20 events):
Event: 29.227 loading class java/security/DigestOutputStream done
Event: 29.278 loading class java/util/zip/ZipException
Event: 29.278 loading class java/util/zip/ZipException done
Event: 29.286 loading class java/util/MissingResourceException
Event: 29.286 loading class java/util/MissingResourceException done
Event: 29.287 loading class java/lang/InheritableThreadLocal
Event: 29.287 loading class java/lang/InheritableThreadLocal done
Event: 29.288 loading class java/util/ResourceBundle$ResourceBundleControlProviderHolder
Event: 29.288 loading class java/util/ResourceBundle$ResourceBundleControlProviderHolder done
Event: 29.289 loading class java/util/spi/ResourceBundleControlProvider
Event: 29.289 loading class java/util/spi/ResourceBundleControlProvider done
Event: 29.289 loading class java/util/ServiceLoader$ProviderSpliterator
Event: 29.289 loading class java/util/ServiceLoader$ProviderSpliterator done
Event: 29.289 loading class java/util/ImmutableCollections$Access
Event: 29.289 loading class java/util/ImmutableCollections$Access done
Event: 29.289 loading class java/util/ImmutableCollections$Access$1
Event: 29.289 loading class jdk/internal/access/JavaUtilCollectionAccess
Event: 29.289 loading class jdk/internal/access/JavaUtilCollectionAccess done
Event: 29.289 loading class java/util/ImmutableCollections$Access$1 done
Event: 29.290 loading class java/util/ResourceBundle$CacheKey


Dynamic libraries:
707c00000-70de00000 rw-p 00000000 00:00 0 
70de00000-714600000 ---p 00000000 00:00 0 
714600000-715000000 rw-p 00000000 00:00 0 
715000000-715400000 ---p 00000000 00:00 0 
715400000-715600000 rw-p 00000000 00:00 0 
715600000-717400000 ---p 00000000 00:00 0 
717400000-717600000 rw-p 00000000 00:00 0 
717600000-7ffc00000 ---p 00000000 00:00 0 
7ffc00000-7ffd00000 rw-p 00000000 00:00 0 
7ffd00000-7ffd6a000 rw-p 00b2a000 08:06 26622084                         /home/tringapps/.sonar/native-sonar-scanner/sonar-scanner-5.0.1.3006-linux/jre/lib/server/classes.jsa
7ffd6a000-7ffe00000 rw-p 00000000 00:00 0 
7ffe00000-7ffe7d000 rw-p 00aad000 08:06 26622084                         /home/tringapps/.sonar/native-sonar-scanner/sonar-scanner-5.0.1.3006-linux/jre/lib/server/classes.jsa
7ffe7d000-800000000 rw-p 00000000 00:00 0 
800000000-80044d000 rw-p 00001000 08:06 26622084                         /home/tringapps/.sonar/native-sonar-scanner/sonar-scanner-5.0.1.3006-linux/jre/lib/server/classes.jsa
80044d000-800a7a000 r--p 0044e000 08:06 26622084                         /home/tringapps/.sonar/native-sonar-scanner/sonar-scanner-5.0.1.3006-linux/jre/lib/server/classes.jsa
800a7a000-801000000 ---p 00000000 00:00 0 
801000000-801040000 rw-p 00000000 00:00 0 
801040000-8010c0000 rw-p 00000000 00:00 0 
8010c0000-8010e0000 rw-p 00000000 00:00 0 
8010e0000-801140000 rw-p 00000000 00:00 0 
801140000-8012c0000 rw-p 00000000 00:00 0 
8012c0000-801300000 rw-p 00000000 00:00 0 
801300000-801610000 rw-p 00000000 00:00 0 
801610000-801640000 ---p 00000000 00:00 0 
801640000-801650000 rw-p 00000000 00:00 0 
801650000-841000000 ---p 00000000 00:00 0 
55b2504f6000-55b2504f7000 r--p 00000000 08:06 26622286                   /home/tringapps/.sonar/native-sonar-scanner/sonar-scanner-5.0.1.3006-linux/jre/bin/java
55b2504f7000-55b2504f8000 r-xp 00001000 08:06 26622286                   /home/tringapps/.sonar/native-sonar-scanner/sonar-scanner-5.0.1.3006-linux/jre/bin/java
55b2504f8000-55b2504f9000 r--p 00002000 08:06 26622286                   /home/tringapps/.sonar/native-sonar-scanner/sonar-scanner-5.0.1.3006-linux/jre/bin/java
55b2504f9000-55b2504fa000 r--p 00002000 08:06 26622286                   /home/tringapps/.sonar/native-sonar-scanner/sonar-scanner-5.0.1.3006-linux/jre/bin/java
55b2504fa000-55b2504fb000 rw-p 00003000 08:06 26622286                   /home/tringapps/.sonar/native-sonar-scanner/sonar-scanner-5.0.1.3006-linux/jre/bin/java
55b2524df000-55b252796000 rw-p 00000000 00:00 0                          [heap]
7f1484000000-7f1484455000 rw-p 00000000 00:00 0 
7f1484455000-7f1488000000 ---p 00000000 00:00 0 
7f148c000000-7f148c028000 rw-p 00000000 00:00 0 
7f148c028000-7f1490000000 ---p 00000000 00:00 0 
7f1490000000-7f1490152000 rw-p 00000000 00:00 0 
7f1490152000-7f1494000000 ---p 00000000 00:00 0 
7f1494000000-7f1494038000 rw-p 00000000 00:00 0 
7f1494038000-7f1498000000 ---p 00000000 00:00 0 
7f1498000000-7f1498060000 rw-p 00000000 00:00 0 
7f1498060000-7f149c000000 ---p 00000000 00:00 0 
7f149c000000-7f149c021000 rw-p 00000000 00:00 0 
7f149c021000-7f14a0000000 ---p 00000000 00:00 0 
7f14a0000000-7f14a002b000 rw-p 00000000 00:00 0 
7f14a002b000-7f14a4000000 ---p 00000000 00:00 0 
7f14a4000000-7f14a4021000 rw-p 00000000 00:00 0 
7f14a4021000-7f14a8000000 ---p 00000000 00:00 0 
7f14a8000000-7f14a8021000 rw-p 00000000 00:00 0 
7f14a8021000-7f14ac000000 ---p 00000000 00:00 0 
7f14ac000000-7f14ac021000 rw-p 00000000 00:00 0 
7f14ac021000-7f14b0000000 ---p 00000000 00:00 0 
7f14b0000000-7f14b0b5d000 rw-p 00000000 00:00 0 
7f14b0b5d000-7f14b4000000 ---p 00000000 00:00 0 
7f14b4000000-7f14b416f000 rw-p 00000000 00:00 0 
7f14b416f000-7f14b8000000 ---p 00000000 00:00 0 
7f14b8000000-7f14b8021000 rw-p 00000000 00:00 0 
7f14b8021000-7f14bc000000 ---p 00000000 00:00 0 
7f14bc000000-7f14bc021000 rw-p 00000000 00:00 0 
7f14bc021000-7f14c0000000 ---p 00000000 00:00 0 
7f14c0000000-7f14c0021000 rw-p 00000000 00:00 0 
7f14c0021000-7f14c4000000 ---p 00000000 00:00 0 
7f14c4000000-7f14c4021000 rw-p 00000000 00:00 0 
7f14c4021000-7f14c8000000 ---p 00000000 00:00 0 
7f14c8000000-7f14c8021000 rw-p 00000000 00:00 0 
7f14c8021000-7f14cc000000 ---p 00000000 00:00 0 
7f14cc000000-7f14cd365000 rw-p 00000000 00:00 0 
7f14cd365000-7f14d0000000 ---p 00000000 00:00 0 
7f14d0000000-7f14d0755000 rw-p 00000000 00:00 0 
7f14d0755000-7f14d4000000 ---p 00000000 00:00 0 
7f14d4000000-7f14d4021000 rw-p 00000000 00:00 0 
7f14d4021000-7f14d8000000 ---p 00000000 00:00 0 
7f14d8000000-7f14d8021000 rw-p 00000000 00:00 0 
7f14d8021000-7f14dc000000 ---p 00000000 00:00 0 
7f14dc000000-7f14dc021000 rw-p 00000000 00:00 0 
7f14dc021000-7f14e0000000 ---p 00000000 00:00 0 
7f14e0000000-7f14e0021000 rw-p 00000000 00:00 0 
7f14e0021000-7f14e4000000 ---p 00000000 00:00 0 
7f14e5420000-7f14e5427000 r--s 00000000 08:06 21763307                   /usr/lib/x86_64-linux-gnu/gconv/gconv-modules.cache
7f14e5427000-7f14e56be000 rw-p 00000000 00:00 0 
7f14e56be000-7f14e56c2000 ---p 00000000 00:00 0 
7f14e56c2000-7f14e57bf000 rw-p 00000000 00:00 0 
7f14e57bf000-7f14e57c3000 ---p 00000000 00:00 0 
7f14e57c3000-7f14e58c0000 rw-p 00000000 00:00 0 
7f14e58c0000-7f14e58c4000 ---p 00000000 00:00 0 
7f14e58c4000-7f14e59c1000 rw-p 00000000 00:00 0 
7f14e59c1000-7f14e59c5000 ---p 00000000 00:00 0 
7f14e59c5000-7f14e5ac2000 rw-p 00000000 00:00 0 
7f14e5ac2000-7f14e5ac6000 ---p 00000000 00:00 0 
7f14e5ac6000-7f14e5bc3000 rw-p 00000000 00:00 0 
7f14e5bc3000-7f14e5bc7000 ---p 00000000 00:00 0 
7f14e5bc7000-7f14e5cc4000 rw-p 00000000 00:00 0 
7f14e5cc4000-7f14e5cc8000 ---p 00000000 00:00 0 
7f14e5cc8000-7f14e5dc5000 rw-p 00000000 00:00 0 
7f14e5dc5000-7f14e5dc9000 ---p 00000000 00:00 0 
7f14e5dc9000-7f14e5ec6000 rw-p 00000000 00:00 0 
7f14e5ec6000-7f14e5eca000 ---p 00000000 00:00 0 
7f14e5eca000-7f14e5fc7000 rw-p 00000000 00:00 0 
7f14e5fc7000-7f14e5fcb000 ---p 00000000 00:00 0 
7f14e5fcb000-7f14e5fe9000 rw-p 00000000 00:00 0 
7f14e5fe9000-7f14e5fed000 ---p 00000000 00:00 0 
7f14e5fed000-7f14e60ea000 rw-p 00000000 00:00 0 
7f14e60ea000-7f14e60ee000 ---p 00000000 00:00 0 
7f14e60ee000-7f14e61eb000 rw-p 00000000 00:00 0 
7f14e61eb000-7f14e61ef000 ---p 00000000 00:00 0 
7f14e61ef000-7f14e62ec000 rw-p 00000000 00:00 0 
7f14e62ec000-7f14e62f0000 ---p 00000000 00:00 0 
7f14e62f0000-7f14e63ed000 rw-p 00000000 00:00 0 
7f14e63ed000-7f14e63f1000 ---p 00000000 00:00 0 
7f14e63f1000-7f14e64ee000 rw-p 00000000 00:00 0 
7f14e64ee000-7f14e64f2000 ---p 00000000 00:00 0 
7f14e64f2000-7f14e65ef000 rw-p 00000000 00:00 0 
7f14e65ef000-7f14e65f3000 ---p 00000000 00:00 0 
7f14e65f3000-7f14e6611000 rw-p 00000000 00:00 0 
7f14e6611000-7f14e6615000 ---p 00000000 00:00 0 
7f14e6615000-7f14e6712000 rw-p 00000000 00:00 0 
7f14e6712000-7f14e6716000 ---p 00000000 00:00 0 
7f14e6716000-7f14e6813000 rw-p 00000000 00:00 0 
7f14e6813000-7f14e6817000 ---p 00000000 00:00 0 
7f14e6817000-7f14e6914000 rw-p 00000000 00:00 0 
7f14e6914000-7f14e6918000 ---p 00000000 00:00 0 
7f14e6918000-7f14e6a15000 rw-p 00000000 00:00 0 
7f14e6a15000-7f14e6a19000 ---p 00000000 00:00 0 
7f14e6a19000-7f14e6b16000 rw-p 00000000 00:00 0 
7f14e6b16000-7f14e6b1a000 ---p 00000000 00:00 0 
7f14e6b1a000-7f14e6c17000 rw-p 00000000 00:00 0 
7f14e6c17000-7f14e6c1b000 ---p 00000000 00:00 0 
7f14e6c1b000-7f14e6d18000 rw-p 00000000 00:00 0 
7f14e6d18000-7f14e6d1c000 ---p 00000000 00:00 0 
7f14e6d1c000-7f14e6e19000 rw-p 00000000 00:00 0 
7f14e6e19000-7f14e6e1d000 ---p 00000000 00:00 0 
7f14e6e1d000-7f14e6f1a000 rw-p 00000000 00:00 0 
7f14e6f1a000-7f14e6f1e000 ---p 00000000 00:00 0 
7f14e6f1e000-7f14e701b000 rw-p 00000000 00:00 0 
7f14e701b000-7f14e701c000 r--p 00000000 08:06 21104790                   /usr/lib/x86_64-linux-gnu/libnss_dns-2.31.so
7f14e701c000-7f14e7020000 r-xp 00001000 08:06 21104790                   /usr/lib/x86_64-linux-gnu/libnss_dns-2.31.so
7f14e7020000-7f14e7021000 r--p 00005000 08:06 21104790                   /usr/lib/x86_64-linux-gnu/libnss_dns-2.31.so
7f14e7021000-7f14e7022000 r--p 00005000 08:06 21104790                   /usr/lib/x86_64-linux-gnu/libnss_dns-2.31.so
7f14e7022000-7f14e7023000 rw-p 00006000 08:06 21104790                   /usr/lib/x86_64-linux-gnu/libnss_dns-2.31.so
7f14e7023000-7f14e7027000 r--p 00000000 08:06 21104797                   /usr/lib/x86_64-linux-gnu/libresolv-2.31.so
7f14e7027000-7f14e7037000 r-xp 00004000 08:06 21104797                   /usr/lib/x86_64-linux-gnu/libresolv-2.31.so
7f14e7037000-7f14e703b000 r--p 00014000 08:06 21104797                   /usr/lib/x86_64-linux-gnu/libresolv-2.31.so
7f14e703b000-7f14e703c000 r--p 00017000 08:06 21104797                   /usr/lib/x86_64-linux-gnu/libresolv-2.31.so
7f14e703c000-7f14e703d000 rw-p 00018000 08:06 21104797                   /usr/lib/x86_64-linux-gnu/libresolv-2.31.so
7f14e703d000-7f14e703f000 rw-p 00000000 00:00 0 
7f14e7041000-7f14e7045000 r--p 00000000 08:06 26622075                   /home/tringapps/.sonar/native-sonar-scanner/sonar-scanner-5.0.1.3006-linux/jre/lib/libverify.so
7f14e7045000-7f14e704c000 r-xp 00004000 08:06 26622075                   /home/tringapps/.sonar/native-sonar-scanner/sonar-scanner-5.0.1.3006-linux/jre/lib/libverify.so
7f14e704c000-7f14e704e000 r--p 0000b000 08:06 26622075                   /home/tringapps/.sonar/native-sonar-scanner/sonar-scanner-5.0.1.3006-linux/jre/lib/libverify.so
7f14e704e000-7f14e7050000 r--p 0000c000 08:06 26622075                   /home/tringapps/.sonar/native-sonar-scanner/sonar-scanner-5.0.1.3006-linux/jre/lib/libverify.so
7f14e7050000-7f14e7051000 rw-p 0000e000 08:06 26622075                   /home/tringapps/.sonar/native-sonar-scanner/sonar-scanner-5.0.1.3006-linux/jre/lib/libverify.so
7f14e7051000-7f14e7052000 ---p 00000000 00:00 0 
7f14e7052000-7f14e7153000 rw-p 00000000 00:00 0 
7f14e7153000-7f14e7154000 ---p 00000000 00:00 0 
7f14e7154000-7f14e7255000 rw-p 00000000 00:00 0 
7f14e7255000-7f14e7256000 ---p 00000000 00:00 0 
7f14e7256000-7f14e7357000 rw-p 00000000 00:00 0 
7f14e7357000-7f14e735b000 ---p 00000000 00:00 0 
7f14e735b000-7f14e7489000 rw-p 00000000 00:00 0 
7f14e7489000-7f14e748d000 ---p 00000000 00:00 0 
7f14e748d000-7f14e758a000 rw-p 00000000 00:00 0 
7f14e758a000-7f14e758b000 ---p 00000000 00:00 0 
7f14e758b000-7f14e768c000 rw-p 00000000 00:00 0 
7f14e768c000-7f14e7690000 ---p 00000000 00:00 0 
7f14e7690000-7f14e778d000 rw-p 00000000 00:00 0 
7f14e778d000-7f14e7791000 ---p 00000000 00:00 0 
7f14e7791000-7f14e788e000 rw-p 00000000 00:00 0 
7f14e788e000-7f14e7892000 ---p 00000000 00:00 0 
7f14e7892000-7f14e798f000 rw-p 00000000 00:00 0 
7f14e798f000-7f14e7993000 ---p 00000000 00:00 0 
7f14e7993000-7f14e7a90000 rw-p 00000000 00:00 0 
7f14e7a90000-7f14e8000000 r--p 00000000 08:06 21108108                   /usr/lib/locale/locale-archive
7f14e8000000-7f14e8021000 rw-p 00000000 00:00 0 
7f14e8021000-7f14ec000000 ---p 00000000 00:00 0 
7f14ec000000-7f14ec021000 rw-p 00000000 00:00 0 
7f14ec021000-7f14f0000000 ---p 00000000 00:00 0 
7f14f0000000-7f14f0400000 rw-p 00000000 00:00 0 
7f14f0400000-7f14f0540000 rw-p 00000000 00:00 0 
7f14f0540000-7f14f0580000 rw-p 00000000 00:00 0 
7f14f0580000-7f14f0700000 rw-p 00000000 00:00 0 
7f14f0700000-7f14f0780000 rw-p 00000000 00:00 0 
7f14f0780000-7f14f0800000 rw-p 00000000 00:00 0 
7f14f0800000-7f14f0900000 rw-p 00000000 00:00 0 
7f14f0900000-7f14f0b00000 rw-p 00000000 00:00 0 
7f14f0b00000-7f14f0c00000 rw-p 00000000 00:00 0 
7f14f0c00000-7f14f1700000 rw-p 00000000 00:00 0 
7f14f1700000-7f14f1800000 rw-p 00000000 00:00 0 
7f14f1800000-7f14f1f00000 rw-p 00000000 00:00 0 
7f14f1f00000-7f14f28d0000 rw-p 00000000 00:00 0 
7f14f28d0000-7f14f2900000 ---p 00000000 00:00 0 
7f14f2900000-7f14f2910000 rw-p 00000000 00:00 0 
7f14f2910000-7f14f4000000 ---p 00000000 00:00 0 
7f14f4000000-7f14f4021000 rw-p 00000000 00:00 0 
7f14f4021000-7f14f8000000 ---p 00000000 00:00 0 
7f14f8000000-7f14f8021000 rw-p 00000000 00:00 0 
7f14f8021000-7f14fc000000 ---p 00000000 00:00 0 
7f14fc000000-7f14fc061000 rw-p 00000000 00:00 0 
7f14fc061000-7f1500000000 ---p 00000000 00:00 0 
7f1500000000-7f1500738000 rw-p 00000000 00:00 0 
7f1500738000-7f1504000000 ---p 00000000 00:00 0 
7f1504000000-7f150419c000 rw-p 00000000 00:00 0 
7f150419c000-7f1508000000 ---p 00000000 00:00 0 
7f1508003000-7f1508007000 ---p 00000000 00:00 0 
7f1508007000-7f1508104000 rw-p 00000000 00:00 0 
7f1508104000-7f1508108000 ---p 00000000 00:00 0 
7f1508108000-7f1508205000 rw-p 00000000 00:00 0 
7f1508205000-7f1508209000 ---p 00000000 00:00 0 
7f1508209000-7f1508306000 rw-p 00000000 00:00 0 
7f1508306000-7f150830a000 ---p 00000000 00:00 0 
7f150830a000-7f1508407000 rw-p 00000000 00:00 0 
7f1508407000-7f150840b000 ---p 00000000 00:00 0 
7f150840b000-7f1508508000 rw-p 00000000 00:00 0 
7f1508508000-7f1508509000 ---p 00000000 00:00 0 
7f1508509000-7f150860a000 rw-p 00000000 00:00 0 
7f150860a000-7f150860f000 r--p 00000000 08:06 26622089                   /home/tringapps/.sonar/native-sonar-scanner/sonar-scanner-5.0.1.3006-linux/jre/lib/libjsvml.so
7f150860f000-7f1508650000 r-xp 00005000 08:06 26622089                   /home/tringapps/.sonar/native-sonar-scanner/sonar-scanner-5.0.1.3006-linux/jre/lib/libjsvml.so
7f1508650000-7f15086d9000 r--p 00046000 08:06 26622089                   /home/tringapps/.sonar/native-sonar-scanner/sonar-scanner-5.0.1.3006-linux/jre/lib/libjsvml.so
7f15086d9000-7f15086da000 r--p 000ce000 08:06 26622089                   /home/tringapps/.sonar/native-sonar-scanner/sonar-scanner-5.0.1.3006-linux/jre/lib/libjsvml.so
7f15086da000-7f15086db000 rw-p 000cf000 08:06 26622089                   /home/tringapps/.sonar/native-sonar-scanner/sonar-scanner-5.0.1.3006-linux/jre/lib/libjsvml.so
7f15086db000-7f150875c000 rw-p 00000000 00:00 0 
7f150875c000-7f150875d000 ---p 00000000 00:00 0 
7f150875d000-7f150885e000 rw-p 00000000 00:00 0 
7f150885e000-7f150885f000 ---p 00000000 00:00 0 
7f150885f000-7f150adeb000 rw-p 00000000 00:00 0 
7f150adeb000-7f150af8b000 ---p 00000000 00:00 0 
7f150af8b000-7f150afb3000 rw-p 00000000 00:00 0 
7f150afb3000-7f150afc3000 ---p 00000000 00:00 0 
7f150afc3000-7f150afcb000 rw-p 00000000 00:00 0 
7f150afcb000-7f150b043000 ---p 00000000 00:00 0 
7f150b043000-7f150b04b000 rw-p 00000000 00:00 0 
7f150b04b000-7f150ea63000 ---p 00000000 00:00 0 
7f150ea63000-7f150ebfb000 rw-p 00000000 00:00 0 
7f150ebfb000-7f150ed9b000 ---p 00000000 00:00 0 
7f150ed9b000-7f150edc3000 rw-p 00000000 00:00 0 
7f150edc3000-7f150edd3000 ---p 00000000 00:00 0 
7f150edd3000-7f150eddb000 rw-p 00000000 00:00 0 
7f150eddb000-7f150ee53000 ---p 00000000 00:00 0 
7f150ee53000-7f150ee5b000 rw-p 00000000 00:00 0 
7f150ee5b000-7f1512873000 ---p 00000000 00:00 0 
7f1512873000-7f15128b4000 rw-p 00000000 00:00 0 
7f15128b4000-7f15128e8000 ---p 00000000 00:00 0 
7f15128e8000-7f15128ed000 rw-p 00000000 00:00 0 
7f15128ed000-7f15128ef000 ---p 00000000 00:00 0 
7f15128ef000-7f15128f0000 rw-p 00000000 00:00 0 
7f15128f0000-7f15128ff000 ---p 00000000 00:00 0 
7f15128ff000-7f1512900000 rw-p 00000000 00:00 0 
7f1512900000-7f1513043000 ---p 00000000 00:00 0 
7f1513043000-7f1513076000 rw-p 00000000 00:00 0 
7f1513076000-7f15130aa000 ---p 00000000 00:00 0 
7f15130aa000-7f15130af000 rw-p 00000000 00:00 0 
7f15130af000-7f15130b1000 ---p 00000000 00:00 0 
7f15130b1000-7f15130b2000 rw-p 00000000 00:00 0 
7f15130b2000-7f15130c1000 ---p 00000000 00:00 0 
7f15130c1000-7f15130c2000 rw-p 00000000 00:00 0 
7f15130c2000-7f1513805000 ---p 00000000 00:00 0 
7f1513805000-7f1513838000 rw-p 00000000 00:00 0 
7f1513838000-7f151386c000 ---p 00000000 00:00 0 
7f151386c000-7f1513871000 rw-p 00000000 00:00 0 
7f1513871000-7f1513873000 ---p 00000000 00:00 0 
7f1513873000-7f1513874000 rw-p 00000000 00:00 0 
7f1513874000-7f1513883000 ---p 00000000 00:00 0 
7f1513883000-7f1513884000 rw-p 00000000 00:00 0 
7f1513884000-7f1513fc7000 ---p 00000000 00:00 0 
7f1513fc7000-7f1513fc9000 rw-p 00000000 00:00 0 
7f1513fc9000-7f1514ab9000 rwxp 00000000 00:00 0 
7f1514ab9000-7f151b500000 ---p 00000000 00:00 0 
7f151b500000-7f151b770000 rwxp 00000000 00:00 0 
7f151b770000-7f151ba91000 ---p 00000000 00:00 0 
7f151ba91000-7f151bde1000 rwxp 00000000 00:00 0 
7f151bde1000-7f1522fc9000 ---p 00000000 00:00 0 
7f1522fc9000-7f1528000000 r--s 00000000 08:06 26622050                   /home/tringapps/.sonar/native-sonar-scanner/sonar-scanner-5.0.1.3006-linux/jre/lib/modules
7f1528000000-7f152938e000 rw-p 00000000 00:00 0 
7f152938e000-7f152c000000 ---p 00000000 00:00 0 
7f152c001000-7f152c003000 r--p 00000000 08:06 26622062                   /home/tringapps/.sonar/native-sonar-scanner/sonar-scanner-5.0.1.3006-linux/jre/lib/libzip.so
7f152c003000-7f152c007000 r-xp 00002000 08:06 26622062                   /home/tringapps/.sonar/native-sonar-scanner/sonar-scanner-5.0.1.3006-linux/jre/lib/libzip.so
7f152c007000-7f152c009000 r--p 00006000 08:06 26622062                   /home/tringapps/.sonar/native-sonar-scanner/sonar-scanner-5.0.1.3006-linux/jre/lib/libzip.so
7f152c009000-7f152c00a000 r--p 00007000 08:06 26622062                   /home/tringapps/.sonar/native-sonar-scanner/sonar-scanner-5.0.1.3006-linux/jre/lib/libzip.so
7f152c00a000-7f152c00b000 rw-p 00008000 08:06 26622062                   /home/tringapps/.sonar/native-sonar-scanner/sonar-scanner-5.0.1.3006-linux/jre/lib/libzip.so
7f152c00b000-7f152c00f000 r--p 00000000 08:06 26622080                   /home/tringapps/.sonar/native-sonar-scanner/sonar-scanner-5.0.1.3006-linux/jre/lib/libnet.so
7f152c00f000-7f152c01d000 r-xp 00004000 08:06 26622080                   /home/tringapps/.sonar/native-sonar-scanner/sonar-scanner-5.0.1.3006-linux/jre/lib/libnet.so
7f152c01d000-7f152c021000 r--p 00012000 08:06 26622080                   /home/tringapps/.sonar/native-sonar-scanner/sonar-scanner-5.0.1.3006-linux/jre/lib/libnet.so
7f152c021000-7f152c022000 r--p 00015000 08:06 26622080                   /home/tringapps/.sonar/native-sonar-scanner/sonar-scanner-5.0.1.3006-linux/jre/lib/libnet.so
7f152c022000-7f152c023000 rw-p 00016000 08:06 26622080                   /home/tringapps/.sonar/native-sonar-scanner/sonar-scanner-5.0.1.3006-linux/jre/lib/libnet.so
7f152c023000-7f152c02a000 r--p 00000000 08:06 26622086                   /home/tringapps/.sonar/native-sonar-scanner/sonar-scanner-5.0.1.3006-linux/jre/lib/libnio.so
7f152c02a000-7f152c033000 r-xp 00007000 08:06 26622086                   /home/tringapps/.sonar/native-sonar-scanner/sonar-scanner-5.0.1.3006-linux/jre/lib/libnio.so
7f152c033000-7f152c037000 r--p 00010000 08:06 26622086                   /home/tringapps/.sonar/native-sonar-scanner/sonar-scanner-5.0.1.3006-linux/jre/lib/libnio.so
7f152c037000-7f152c038000 ---p 00014000 08:06 26622086                   /home/tringapps/.sonar/native-sonar-scanner/sonar-scanner-5.0.1.3006-linux/jre/lib/libnio.so
7f152c038000-7f152c039000 r--p 00014000 08:06 26622086                   /home/tringapps/.sonar/native-sonar-scanner/sonar-scanner-5.0.1.3006-linux/jre/lib/libnio.so
7f152c039000-7f152c03a000 rw-p 00015000 08:06 26622086                   /home/tringapps/.sonar/native-sonar-scanner/sonar-scanner-5.0.1.3006-linux/jre/lib/libnio.so
7f152c03a000-7f152c1d7000 rw-p 00000000 00:00 0 
7f152c1d7000-7f152c1d8000 ---p 00000000 00:00 0 
7f152c1d8000-7f152c2d9000 rw-p 00000000 00:00 0 
7f152c2d9000-7f152c2da000 ---p 00000000 00:00 0 
7f152c2da000-7f152c3db000 rw-p 00000000 00:00 0 
7f152c3db000-7f152c3dc000 ---p 00000000 00:00 0 
7f152c3dc000-7f152c92a000 rw-p 00000000 00:00 0 
7f152c92a000-7f152ca0e000 ---p 00000000 00:00 0 
7f152ca0e000-7f152ca24000 rw-p 00000000 00:00 0 
7f152ca24000-7f152caf9000 ---p 00000000 00:00 0 
7f152caf9000-7f152cb06000 r--p 00000000 08:06 26622088                   /home/tringapps/.sonar/native-sonar-scanner/sonar-scanner-5.0.1.3006-linux/jre/lib/libjava.so
7f152cb06000-7f152cb18000 r-xp 0000d000 08:06 26622088                   /home/tringapps/.sonar/native-sonar-scanner/sonar-scanner-5.0.1.3006-linux/jre/lib/libjava.so
7f152cb18000-7f152cb1e000 r--p 0001f000 08:06 26622088                   /home/tringapps/.sonar/native-sonar-scanner/sonar-scanner-5.0.1.3006-linux/jre/lib/libjava.so
7f152cb1e000-7f152cb1f000 ---p 00025000 08:06 26622088                   /home/tringapps/.sonar/native-sonar-scanner/sonar-scanner-5.0.1.3006-linux/jre/lib/libjava.so
7f152cb1f000-7f152cb20000 r--p 00025000 08:06 26622088                   /home/tringapps/.sonar/native-sonar-scanner/sonar-scanner-5.0.1.3006-linux/jre/lib/libjava.so
7f152cb20000-7f152cb21000 rw-p 00026000 08:06 26622088                   /home/tringapps/.sonar/native-sonar-scanner/sonar-scanner-5.0.1.3006-linux/jre/lib/libjava.so
7f152cb21000-7f152cb22000 rw-p 00000000 00:00 0 
7f152cb22000-7f152cb25000 r--p 00000000 08:06 21104791                   /usr/lib/x86_64-linux-gnu/libnss_files-2.31.so
7f152cb25000-7f152cb2c000 r-xp 00003000 08:06 21104791                   /usr/lib/x86_64-linux-gnu/libnss_files-2.31.so
7f152cb2c000-7f152cb2e000 r--p 0000a000 08:06 21104791                   /usr/lib/x86_64-linux-gnu/libnss_files-2.31.so
7f152cb2e000-7f152cb2f000 r--p 0000b000 08:06 21104791                   /usr/lib/x86_64-linux-gnu/libnss_files-2.31.so
7f152cb2f000-7f152cb30000 rw-p 0000c000 08:06 21104791                   /usr/lib/x86_64-linux-gnu/libnss_files-2.31.so
7f152cb30000-7f152cb36000 rw-p 00000000 00:00 0 
7f152cb37000-7f152cb38000 r--p 00000000 08:06 26622085                   /home/tringapps/.sonar/native-sonar-scanner/sonar-scanner-5.0.1.3006-linux/jre/lib/libextnet.so
7f152cb38000-7f152cb39000 r-xp 00001000 08:06 26622085                   /home/tringapps/.sonar/native-sonar-scanner/sonar-scanner-5.0.1.3006-linux/jre/lib/libextnet.so
7f152cb39000-7f152cb3a000 r--p 00002000 08:06 26622085                   /home/tringapps/.sonar/native-sonar-scanner/sonar-scanner-5.0.1.3006-linux/jre/lib/libextnet.so
7f152cb3a000-7f152cb3b000 r--p 00002000 08:06 26622085                   /home/tringapps/.sonar/native-sonar-scanner/sonar-scanner-5.0.1.3006-linux/jre/lib/libextnet.so
7f152cb3b000-7f152cb3c000 rw-p 00003000 08:06 26622085                   /home/tringapps/.sonar/native-sonar-scanner/sonar-scanner-5.0.1.3006-linux/jre/lib/libextnet.so
7f152cb3c000-7f152cb41000 rw-p 00000000 00:00 0 
7f152cb41000-7f152cb48000 ---p 00000000 00:00 0 
7f152cb48000-7f152cb4c000 r--p 00000000 08:06 26622090                   /home/tringapps/.sonar/native-sonar-scanner/sonar-scanner-5.0.1.3006-linux/jre/lib/libjimage.so
7f152cb4c000-7f152cb5f000 r-xp 00004000 08:06 26622090                   /home/tringapps/.sonar/native-sonar-scanner/sonar-scanner-5.0.1.3006-linux/jre/lib/libjimage.so
7f152cb5f000-7f152cb65000 r--p 00017000 08:06 26622090                   /home/tringapps/.sonar/native-sonar-scanner/sonar-scanner-5.0.1.3006-linux/jre/lib/libjimage.so
7f152cb65000-7f152cb67000 r--p 0001c000 08:06 26622090                   /home/tringapps/.sonar/native-sonar-scanner/sonar-scanner-5.0.1.3006-linux/jre/lib/libjimage.so
7f152cb67000-7f152cb68000 rw-p 0001e000 08:06 26622090                   /home/tringapps/.sonar/native-sonar-scanner/sonar-scanner-5.0.1.3006-linux/jre/lib/libjimage.so
7f152cb68000-7f152cb6c000 ---p 00000000 00:00 0 
7f152cb6c000-7f152cc69000 rw-p 00000000 00:00 0 
7f152cc69000-7f152cc76000 r--p 00000000 08:06 21104785                   /usr/lib/x86_64-linux-gnu/libm-2.31.so
7f152cc76000-7f152cd1d000 r-xp 0000d000 08:06 21104785                   /usr/lib/x86_64-linux-gnu/libm-2.31.so
7f152cd1d000-7f152cdb6000 r--p 000b4000 08:06 21104785                   /usr/lib/x86_64-linux-gnu/libm-2.31.so
7f152cdb6000-7f152cdb7000 r--p 0014c000 08:06 21104785                   /usr/lib/x86_64-linux-gnu/libm-2.31.so
7f152cdb7000-7f152cdb8000 rw-p 0014d000 08:06 21104785                   /usr/lib/x86_64-linux-gnu/libm-2.31.so
7f152cdb8000-7f152cdba000 r--p 00000000 08:06 21104798                   /usr/lib/x86_64-linux-gnu/librt-2.31.so
7f152cdba000-7f152cdbe000 r-xp 00002000 08:06 21104798                   /usr/lib/x86_64-linux-gnu/librt-2.31.so
7f152cdbe000-7f152cdc0000 r--p 00006000 08:06 21104798                   /usr/lib/x86_64-linux-gnu/librt-2.31.so
7f152cdc0000-7f152cdc1000 r--p 00007000 08:06 21104798                   /usr/lib/x86_64-linux-gnu/librt-2.31.so
7f152cdc1000-7f152cdc2000 rw-p 00008000 08:06 21104798                   /usr/lib/x86_64-linux-gnu/librt-2.31.so
7f152cdc2000-7f152d014000 r--p 00000000 08:06 26622081                   /home/tringapps/.sonar/native-sonar-scanner/sonar-scanner-5.0.1.3006-linux/jre/lib/server/libjvm.so
7f152d014000-7f152dd34000 r-xp 00252000 08:06 26622081                   /home/tringapps/.sonar/native-sonar-scanner/sonar-scanner-5.0.1.3006-linux/jre/lib/server/libjvm.so
7f152dd34000-7f152dfc0000 r--p 00f72000 08:06 26622081                   /home/tringapps/.sonar/native-sonar-scanner/sonar-scanner-5.0.1.3006-linux/jre/lib/server/libjvm.so
7f152dfc0000-7f152dfc1000 ---p 011fe000 08:06 26622081                   /home/tringapps/.sonar/native-sonar-scanner/sonar-scanner-5.0.1.3006-linux/jre/lib/server/libjvm.so
7f152dfc1000-7f152e07a000 r--p 011fe000 08:06 26622081                   /home/tringapps/.sonar/native-sonar-scanner/sonar-scanner-5.0.1.3006-linux/jre/lib/server/libjvm.so
7f152e07a000-7f152e0af000 rw-p 012b7000 08:06 26622081                   /home/tringapps/.sonar/native-sonar-scanner/sonar-scanner-5.0.1.3006-linux/jre/lib/server/libjvm.so
7f152e0af000-7f152e10b000 rw-p 00000000 00:00 0 
7f152e10b000-7f152e12d000 r--p 00000000 08:06 21104782                   /usr/lib/x86_64-linux-gnu/libc-2.31.so
7f152e12d000-7f152e2a5000 r-xp 00022000 08:06 21104782                   /usr/lib/x86_64-linux-gnu/libc-2.31.so
7f152e2a5000-7f152e2f3000 r--p 0019a000 08:06 21104782                   /usr/lib/x86_64-linux-gnu/libc-2.31.so
7f152e2f3000-7f152e2f7000 r--p 001e7000 08:06 21104782                   /usr/lib/x86_64-linux-gnu/libc-2.31.so
7f152e2f7000-7f152e2f9000 rw-p 001eb000 08:06 21104782                   /usr/lib/x86_64-linux-gnu/libc-2.31.so
7f152e2f9000-7f152e2fd000 rw-p 00000000 00:00 0 
7f152e2fd000-7f152e2fe000 r--p 00000000 08:06 21104783                   /usr/lib/x86_64-linux-gnu/libdl-2.31.so
7f152e2fe000-7f152e300000 r-xp 00001000 08:06 21104783                   /usr/lib/x86_64-linux-gnu/libdl-2.31.so
7f152e300000-7f152e301000 r--p 00003000 08:06 21104783                   /usr/lib/x86_64-linux-gnu/libdl-2.31.so
7f152e301000-7f152e302000 r--p 00003000 08:06 21104783                   /usr/lib/x86_64-linux-gnu/libdl-2.31.so
7f152e302000-7f152e303000 rw-p 00004000 08:06 21104783                   /usr/lib/x86_64-linux-gnu/libdl-2.31.so
7f152e303000-7f152e309000 r--p 00000000 08:06 21104796                   /usr/lib/x86_64-linux-gnu/libpthread-2.31.so
7f152e309000-7f152e31a000 r-xp 00006000 08:06 21104796                   /usr/lib/x86_64-linux-gnu/libpthread-2.31.so
7f152e31a000-7f152e320000 r--p 00017000 08:06 21104796                   /usr/lib/x86_64-linux-gnu/libpthread-2.31.so
7f152e320000-7f152e321000 r--p 0001c000 08:06 21104796                   /usr/lib/x86_64-linux-gnu/libpthread-2.31.so
7f152e321000-7f152e322000 rw-p 0001d000 08:06 21104796                   /usr/lib/x86_64-linux-gnu/libpthread-2.31.so
7f152e322000-7f152e326000 rw-p 00000000 00:00 0 
7f152e326000-7f152e329000 r--p 00000000 08:06 26622061                   /home/tringapps/.sonar/native-sonar-scanner/sonar-scanner-5.0.1.3006-linux/jre/lib/libjli.so
7f152e329000-7f152e333000 r-xp 00003000 08:06 26622061                   /home/tringapps/.sonar/native-sonar-scanner/sonar-scanner-5.0.1.3006-linux/jre/lib/libjli.so
7f152e333000-7f152e336000 r--p 0000d000 08:06 26622061                   /home/tringapps/.sonar/native-sonar-scanner/sonar-scanner-5.0.1.3006-linux/jre/lib/libjli.so
7f152e336000-7f152e337000 ---p 00010000 08:06 26622061                   /home/tringapps/.sonar/native-sonar-scanner/sonar-scanner-5.0.1.3006-linux/jre/lib/libjli.so
7f152e337000-7f152e338000 r--p 00010000 08:06 26622061                   /home/tringapps/.sonar/native-sonar-scanner/sonar-scanner-5.0.1.3006-linux/jre/lib/libjli.so
7f152e338000-7f152e339000 rw-p 00011000 08:06 26622061                   /home/tringapps/.sonar/native-sonar-scanner/sonar-scanner-5.0.1.3006-linux/jre/lib/libjli.so
7f152e339000-7f152e33b000 r--p 00000000 08:06 21103903                   /usr/lib/x86_64-linux-gnu/libz.so.1.2.11
7f152e33b000-7f152e34c000 r-xp 00002000 08:06 21103903                   /usr/lib/x86_64-linux-gnu/libz.so.1.2.11
7f152e34c000-7f152e352000 r--p 00013000 08:06 21103903                   /usr/lib/x86_64-linux-gnu/libz.so.1.2.11
7f152e352000-7f152e353000 ---p 00019000 08:06 21103903                   /usr/lib/x86_64-linux-gnu/libz.so.1.2.11
7f152e353000-7f152e354000 r--p 00019000 08:06 21103903                   /usr/lib/x86_64-linux-gnu/libz.so.1.2.11
7f152e354000-7f152e355000 rw-p 0001a000 08:06 21103903                   /usr/lib/x86_64-linux-gnu/libz.so.1.2.11
7f152e357000-7f152e358000 r--p 00000000 08:06 21110903                   /usr/lib/x86_64-linux-gnu/libnss_mdns4_minimal.so.2
7f152e358000-7f152e35a000 r-xp 00001000 08:06 21110903                   /usr/lib/x86_64-linux-gnu/libnss_mdns4_minimal.so.2
7f152e35a000-7f152e35b000 r--p 00003000 08:06 21110903                   /usr/lib/x86_64-linux-gnu/libnss_mdns4_minimal.so.2
7f152e35b000-7f152e35c000 r--p 00003000 08:06 21110903                   /usr/lib/x86_64-linux-gnu/libnss_mdns4_minimal.so.2
7f152e35c000-7f152e35d000 rw-p 00004000 08:06 21110903                   /usr/lib/x86_64-linux-gnu/libnss_mdns4_minimal.so.2
7f152e35d000-7f152e365000 rw-s 00000000 08:06 15074132                   /tmp/hsperfdata_tringapps/52343
7f152e365000-7f152e366000 ---p 00000000 00:00 0 
7f152e366000-7f152e367000 r--p 00000000 00:00 0 
7f152e367000-7f152e369000 rw-p 00000000 00:00 0 
7f152e369000-7f152e36a000 r--p 00000000 08:06 21103476                   /usr/lib/x86_64-linux-gnu/ld-2.31.so
7f152e36a000-7f152e38d000 r-xp 00001000 08:06 21103476                   /usr/lib/x86_64-linux-gnu/ld-2.31.so
7f152e38d000-7f152e395000 r--p 00024000 08:06 21103476                   /usr/lib/x86_64-linux-gnu/ld-2.31.so
7f152e395000-7f152e396000 ---p 00000000 00:00 0 
7f152e396000-7f152e397000 r--p 0002c000 08:06 21103476                   /usr/lib/x86_64-linux-gnu/ld-2.31.so
7f152e397000-7f152e398000 rw-p 0002d000 08:06 21103476                   /usr/lib/x86_64-linux-gnu/ld-2.31.so
7f152e398000-7f152e399000 rw-p 00000000 00:00 0 
7ffddbca6000-7ffddbcc8000 rw-p 00000000 00:00 0                          [stack]
7ffddbd7a000-7ffddbd7e000 r--p 00000000 00:00 0                          [vvar]
7ffddbd7e000-7ffddbd80000 r-xp 00000000 00:00 0                          [vdso]
ffffffffff600000-ffffffffff601000 --xp 00000000 00:00 0                  [vsyscall]


VM Arguments:
jvm_args: -Djava.awt.headless=true -Dscanner.home=/home/tringapps/.sonar/native-sonar-scanner/sonar-scanner-5.0.1.3006-linux -Dproject.home=/home/tringapps/SPORTSHUB/sportsHub 
java_command: org.sonarsource.scanner.cli.Main --from=ScannerNpm/3.1.0 -Dsonar.host.url=http://quality.tringbytes.com -Dsonar.login=ec06c228386c9190f0c7b2dd4dfe8cf04ce7cab9
java_class_path (initial): /home/tringapps/.sonar/native-sonar-scanner/sonar-scanner-5.0.1.3006-linux/lib/sonar-scanner-cli-5.0.1.3006.jar
Launcher Type: SUN_STANDARD

[Global flags]
     intx CICompilerCount                          = 3                                         {product} {ergonomic}
     uint ConcGCThreads                            = 1                                         {product} {ergonomic}
     uint G1ConcRefinementThreads                  = 4                                         {product} {ergonomic}
   size_t G1HeapRegionSize                         = 2097152                                   {product} {ergonomic}
    uintx GCDrainStackTargetSize                   = 64                                        {product} {ergonomic}
   size_t InitialHeapSize                          = 262144000                                 {product} {ergonomic}
   size_t MarkStackSize                            = 4194304                                   {product} {ergonomic}
   size_t MaxHeapSize                              = 4164943872                                {product} {ergonomic}
   size_t MaxNewSize                               = 2497708032                                {product} {ergonomic}
   size_t MinHeapDeltaBytes                        = 2097152                                   {product} {ergonomic}
   size_t MinHeapSize                              = 8388608                                   {product} {ergonomic}
    uintx NonNMethodCodeHeapSize                   = 5832780                                {pd product} {ergonomic}
    uintx NonProfiledCodeHeapSize                  = 122912730                              {pd product} {ergonomic}
    uintx ProfiledCodeHeapSize                     = 122912730                              {pd product} {ergonomic}
    uintx ReservedCodeCacheSize                    = 251658240                              {pd product} {ergonomic}
     bool SegmentedCodeCache                       = true                                      {product} {ergonomic}
   size_t SoftMaxHeapSize                          = 4164943872                             {manageable} {ergonomic}
     bool UseCompressedClassPointers               = true                           {product lp64_product} {ergonomic}
     bool UseCompressedOops                        = true                           {product lp64_product} {ergonomic}
     bool UseG1GC                                  = true                                      {product} {ergonomic}

Logging:
Log output configuration:
 #0: stdout all=warning uptime,level,tags
 #1: stderr all=off uptime,level,tags

Environment Variables:
JAVA_HOME=/home/tringapps/.sonar/native-sonar-scanner/sonar-scanner-5.0.1.3006-linux/jre
PATH=/home/tringapps/.nvm/versions/node/v16.19.1/bin:/usr/local/sbin:/usr/local/bin:/usr/sbin:/usr/bin:/sbin:/bin:/usr/games:/usr/local/games:/snap/bin:/home/tringapps/.local/share/JetBrains/Toolbox/scripts:/home/tringapps/.local/share/JetBrains/Toolbox/scripts
USERNAME=tringapps
SHELL=/bin/bash
DISPLAY=:0
LANG=en_GB.UTF-8
TERM=xterm-256color

Active Locale:
LC_ALL=en_GB.UTF-8
LC_COLLATE=en_GB.UTF-8
LC_CTYPE=en_GB.UTF-8
LC_MESSAGES=en_GB.UTF-8
LC_MONETARY=en_GB.UTF-8
LC_NUMERIC=en_GB.UTF-8
LC_TIME=en_GB.UTF-8

Signal Handlers:
   SIGSEGV: crash_handler in libjvm.so, mask=11100100010111111101111111111110, flags=SA_RESTART|SA_SIGINFO, unblocked
    SIGBUS: crash_handler in libjvm.so, mask=11100100010111111101111111111110, flags=SA_RESTART|SA_SIGINFO, unblocked
    SIGFPE: crash_handler in libjvm.so, mask=11100100010111111101111111111110, flags=SA_RESTART|SA_SIGINFO, unblocked
   SIGPIPE: javaSignalHandler in libjvm.so, mask=11100100010111111101111111111110, flags=SA_RESTART|SA_SIGINFO, blocked
   SIGXFSZ: javaSignalHandler in libjvm.so, mask=11100100010111111101111111111110, flags=SA_RESTART|SA_SIGINFO, blocked
    SIGILL: crash_handler in libjvm.so, mask=11100100010111111101111111111110, flags=SA_RESTART|SA_SIGINFO, unblocked
   SIGUSR2: SR_handler in libjvm.so, mask=00000000000000000000000000000000, flags=SA_RESTART|SA_SIGINFO, blocked
    SIGHUP: UserHandler in libjvm.so, mask=11100100010111111101111111111110, flags=SA_RESTART|SA_SIGINFO, blocked
    SIGINT: UserHandler in libjvm.so, mask=11100100010111111101111111111110, flags=SA_RESTART|SA_SIGINFO, blocked
   SIGTERM: UserHandler in libjvm.so, mask=11100100010111111101111111111110, flags=SA_RESTART|SA_SIGINFO, blocked
   SIGQUIT: UserHandler in libjvm.so, mask=11100100010111111101111111111110, flags=SA_RESTART|SA_SIGINFO, blocked
   SIGTRAP: crash_handler in libjvm.so, mask=11100100010111111101111111111110, flags=SA_RESTART|SA_SIGINFO, unblocked


---------------  S Y S T E M  ---------------

OS:
DISTRIB_ID=Ubuntu
DISTRIB_RELEASE=20.04
DISTRIB_CODENAME=focal
DISTRIB_DESCRIPTION="Ubuntu 20.04.5 LTS"
uname: Linux 5.15.0-82-generic #91~20.04.1-Ubuntu SMP Fri Aug 18 16:24:39 UTC 2023 x86_64
OS uptime: 0 days 7:31 hours
libc: glibc 2.31 NPTL 2.31 
rlimit (soft/hard): STACK 8192k/infinity , CORE 0k/infinity , NPROC 63207/63207 , NOFILE 1048576/1048576 , AS infinity/infinity , CPU infinity/infinity , DATA infinity/infinity , FSIZE infinity/infinity , MEMLOCK 65536k/65536k
load average: 2.79 2.30 1.97

/proc/meminfo:
MemTotal:       16262468 kB
MemFree:          856084 kB
MemAvailable:    6504348 kB
Buffers:          485072 kB
Cached:          5468240 kB
SwapCached:          236 kB
Active:          2033044 kB
Inactive:       11822164 kB
Active(anon):      10868 kB
Inactive(anon):  8651204 kB
Active(file):    2022176 kB
Inactive(file):  3170960 kB
Unevictable:      292956 kB
Mlocked:              48 kB
SwapTotal:       2097148 kB
SwapFree:        2096112 kB
Dirty:            175752 kB
Writeback:             0 kB
AnonPages:       8194520 kB
Mapped:           986196 kB
Shmem:            760176 kB
KReclaimable:     796884 kB
Slab:             971732 kB
SReclaimable:     796884 kB
SUnreclaim:       174848 kB
KernelStack:       20584 kB
PageTables:       123488 kB
NFS_Unstable:          0 kB
Bounce:                0 kB
WritebackTmp:          0 kB
CommitLimit:    10228380 kB
Committed_AS:   19202900 kB
VmallocTotal:   34359738367 kB
VmallocUsed:       57036 kB
VmallocChunk:          0 kB
Percpu:             3616 kB
HardwareCorrupted:     0 kB
AnonHugePages:         0 kB
ShmemHugePages:        0 kB
ShmemPmdMapped:        0 kB
FileHugePages:         0 kB
FilePmdMapped:         0 kB
HugePages_Total:       0
HugePages_Free:        0
HugePages_Rsvd:        0
HugePages_Surp:        0
Hugepagesize:       2048 kB
Hugetlb:               0 kB
DirectMap4k:      528472 kB
DirectMap2M:    15089664 kB
DirectMap1G:     2097152 kB

/sys/kernel/mm/transparent_hugepage/enabled: always [madvise] never
/sys/kernel/mm/transparent_hugepage/defrag (defrag/compaction efforts parameter): always defer defer+madvise [madvise] never

Process Memory:
Virtual Size: 7838032K (peak: 7881672K)
Resident Set Size: 281364K (peak: 281364K) (anon: 254200K, file: 27164K, shmem: 0K)
Swapped out: 0K
C-Heap outstanding allocations: 38732K, retained: 44459K
glibc malloc tunables: (default)

/proc/sys/kernel/threads-max (system-wide limit on the number of threads): 126414
/proc/sys/vm/max_map_count (maximum number of memory map areas a process may have): 65530
/proc/sys/kernel/pid_max (system-wide limit on number of process identifiers): 4194304

container (cgroup) information:
container_type: cgroupv1
cpu_cpuset_cpus: 0-3
cpu_memory_nodes: 0
active_processor_count: 4
cpu_quota: no quota
cpu_period: 100000
cpu_shares: no shares
memory_limit_in_bytes: unlimited
memory_and_swap_limit_in_bytes: unlimited
memory_soft_limit_in_bytes: unlimited
memory_usage_in_bytes: 13515084 k
memory_max_usage_in_bytes: 14290300 k
kernel_memory_usage_in_bytes: 868708 k
kernel_memory_max_usage_in_bytes: unlimited
kernel_memory_limit_in_bytes: 946780 k
maximum number of tasks: unlimited
current number of tasks: 976

Steal ticks since vm start: 0
Steal ticks percentage since vm start:  0.000

CPU: total 4 (initial active 4) (2 cores per cpu, 2 threads per core) family 6 model 78 stepping 3 microcode 0xf0, cx8, cmov, fxsr, ht, mmx, 3dnowpref, sse, sse2, sse3, ssse3, sse4.1, sse4.2, popcnt, lzcnt, tsc, tscinvbit, avx, avx2, aes, erms, clmul, bmi1, bmi2, adx, fma, vzeroupper, clflush, clflushopt
CPU Model and flags from /proc/cpuinfo:
model name	: Intel(R) Core(TM) i5-6200U CPU @ 2.30GHz
flags		: fpu vme de pse tsc msr pae mce cx8 apic sep mtrr pge mca cmov pat pse36 clflush dts acpi mmx fxsr sse sse2 ss ht tm pbe syscall nx pdpe1gb rdtscp lm constant_tsc art arch_perfmon pebs bts rep_good nopl xtopology nonstop_tsc cpuid aperfmperf pni pclmulqdq dtes64 monitor ds_cpl vmx est tm2 ssse3 sdbg fma cx16 xtpr pdcm pcid sse4_1 sse4_2 x2apic movbe popcnt tsc_deadline_timer aes xsave avx f16c rdrand lahf_lm abm 3dnowprefetch cpuid_fault epb invpcid_single pti ssbd ibrs ibpb stibp tpr_shadow vnmi flexpriority ept vpid ept_ad fsgsbase tsc_adjust bmi1 avx2 smep bmi2 erms invpcid mpx rdseed adx smap clflushopt intel_pt xsaveopt xsavec xgetbv1 xsaves dtherm ida arat pln pts hwp hwp_notify hwp_act_window hwp_epp md_clear flush_l1d arch_capabilities

Online cpus: 0-3
Offline cpus: 
BIOS frequency limitation: <Not Available>
Frequency switch latency (ns): 0
Available cpu frequencies: <Not Available>
Current governor: powersave
Core performance/turbo boost: <Not Available>

Memory: 4k page, physical 16262468k(856084k free), swap 2097148k(2096112k free)
Page Sizes: 4k

vm_info: OpenJDK 64-Bit Server VM (17.0.7+7) for linux-amd64 JRE (17.0.7+7), built on Apr 18 2023 00:00:00 by "temurin" with gcc 10.3.0

END.
